     1                                  %include "../st_io.inc"
     2                              <1> ;; File stud_io.inc for Linux O.S.
     3                              <1> ;; Copyright (c) Andrey Vikt. Stolyarov, 2009.
     4                              <1> ;; I, the author, hereby grant everyone the right to use this
     5                              <1> ;; file for any purpose, in any manner, in it's original or
     6                              <1> ;; modified form, provided that any modified versions are
     7                              <1> ;; clearly marked as such.
     8                              <1> ;; file changed, macros added (by Divari I.N.,
     9                              <1> ;; Department of computer science, MIPT, 2019-2020) 
    10                              <1> 
    11                              <1> ;;;;;;;;;;;;;;;;;;;;;;;;;;;;;;;;;;;;;;;;;;;;;;;;;;;;;;;;;;;;;;;;;
    12                              <1> ;; system dependend part
    13                              <1> 
    14                              <1> ; generic 3-param syscall
    15                              <1> %macro _syscall_3 4
    16                              <1> 	push edx
    17                              <1> 	push ecx
    18                              <1> 	push ebx ; it is senseless to save eax as it holds the return
    19                              <1> 	push %1
    20                              <1> 	push %2
    21                              <1> 	push %3
    22                              <1> 	push %4
    23                              <1> 	pop edx
    24                              <1> 	pop ecx
    25                              <1> 	pop ebx
    26                              <1> 	pop eax 
    27                              <1> 	int 0x80
    28                              <1> 	pop ebx
    29                              <1> 	pop ecx
    30                              <1> 	pop edx
    31                              <1> %endmacro
    32                              <1> 
    33                              <1> ; syscall_exit is the only syscall we use that has 1 parameter
    34                              <1> %macro _syscall_exit 1
    35                              <1> 	mov ebx, %1	; exit code
    36                              <1> 	mov eax, 1	; 1 = sys_exit
    37                              <1> 	int 0x80
    38                              <1> %endmacro
    39                              <1> 
    40                              <1> ;; system dependent part ends here
    41                              <1> ;;;;;;;;;;;;;;;;;;;;;;;;;;;;;;;;;;;;;;;;;;;;;;;;;;;;;;;;;;;;;;;;;
    42                              <1> 
    43                              <1> ; %1: descriptor   %2: buffer addr   %3: buffer length 
    44                              <1> ; output: eax: read bytes
    45                              <1> %macro _syscall_read 3
    46                              <1> 	_syscall_3 3,%1,%2,%3
    47                              <1> %endmacro
    48                              <1> 
    49                              <1> ; %1: descriptor   %2: buffer addr   %3: buffer length 
    50                              <1> ; output: eax: written bytes
    51                              <1> %macro _syscall_write 3
    52                              <1> 	_syscall_3 4,%1,%2,%3
    53                              <1> %endmacro
    54                              <1> 
    55                              <1> ;;;;;;;;;;;;;;;;;;;;;;;;;;;;;;;;;;
    56                              <1> %macro 	PRINT 1
    57                              <1> 	pusha
    58                              <1> 	pushf
    59                              <1> 	jmp %%astr
    60                              <1> %%str	db	%1, 0
    61                              <1> %%strln	equ	$-%%str
    62                              <1> %%astr:	_syscall_write 1, %%str, %%strln
    63                              <1> 	popf
    64                              <1> 	popa
    65                              <1> %endmacro
    66                              <1> 
    67                              <1> ;;;;;;;;;;;;;;;;;;;;;;;;;;;;;;;;;;
    68                              <1> %macro	PUTCHAR 1
    69                              <1> 	pusha
    70                              <1> 	pushf
    71                              <1> %ifstr %1
    72                              <1> 	mov	al, %1
    73                              <1> %elifnum %1
    74                              <1> 	mov	al, %1
    75                              <1> %elifidni %1,al
    76                              <1> 	nop
    77                              <1> %elifidni %1,ah
    78                              <1> 	mov	al, ah
    79                              <1> %elifidni %1,bl
    80                              <1> 	mov	al, bl
    81                              <1> %elifidni %1,bh
    82                              <1> 	mov	al, bh
    83                              <1> %elifidni %1,cl
    84                              <1> 	mov	al, cl
    85                              <1> %elifidni %1,ch
    86                              <1> 	mov	al, ch
    87                              <1> %elifidni %1,dl
    88                              <1> 	mov	al, dl
    89                              <1> %elifidni %1,dh
    90                              <1> 	mov	al, dh
    91                              <1> %else
    92                              <1> 	mov	al, %1  ; let's hope it is a memory location such as [var]
    93                              <1> %endif
    94                              <1> 	sub	esp, 2  ; reserve memory for buffer
    95                              <1> 	mov	edi, esp
    96                              <1> 	mov	[edi], al
    97                              <1> 	_syscall_write 1, edi, 1
    98                              <1> 	add	esp, 2
    99                              <1> 	popf
   100                              <1> 	popa
   101                              <1> %endmacro
   102                              <1> 
   103                              <1> ;;;;;;;;;;;;;;;;;;;;;;;;;;;;;;;;;;
   104                              <1> %macro	GETCHAR 0
   105                              <1> 	pushf
   106                              <1> 	push	edi
   107                              <1> 	sub	esp, 2
   108                              <1> 	mov	edi, esp
   109                              <1> 	_syscall_read 0, edi, 1
   110                              <1> 	cmp	eax, 1
   111                              <1> 	jne	%%eof_reached
   112                              <1> 	xor	eax,eax
   113                              <1> 	mov	al, [edi]
   114                              <1> 	jmp	%%gcquit
   115                              <1> %%eof_reached:
   116                              <1> 	xor	eax, eax
   117                              <1> 	not	eax 		; eax := -1
   118                              <1> %%gcquit:
   119                              <1> 	add	esp, 2
   120                              <1> 	pop	edi
   121                              <1> 	popf
   122                              <1> %endmacro
   123                              <1> 
   124                              <1> ;;;;;;;;;;;;;;;;;;;;;;;;;;;;;;;;;;
   125                              <1> %macro FINISH 0-1 0
   126                              <1> 	_syscall_exit %1
   127                              <1> %endmacro
   128                              <1> ;;;;;;;;;;;;;;;;;;;;;;;;;;;;;;;;;
   129                              <1> %macro UNSINT 1
   130                              <1> pusha
   131                              <1> pushf
   132                              <1> push dword %1
   133                              <1> pop eax
   134                              <1> mov edi,eax
   135                              <1> mov esi,10
   136                              <1>   xor ebx,ebx
   137                              <1> %%m1:
   138                              <1>    xor edx,edx
   139                              <1>    div esi
   140                              <1>    inc ebx
   141                              <1>    cmp eax,0
   142                              <1>    jne %%m1
   143                              <1>     
   144                              <1>    mov eax,1
   145                              <1>    mov ecx,ebx
   146                              <1>    dec ecx
   147                              <1> ;;;;;;;;;;;;;;;;;;;;;;;;;;;;;;
   148                              <1>     cmp ecx,0
   149                              <1>      je %%m4
   150                              <1> %%m2:  mul esi
   151                              <1>        loop %%m2
   152                              <1> 
   153                              <1>        mov ebx,eax
   154                              <1> 
   155                              <1> %%m3:       
   156                              <1>       mov eax,edi 
   157                              <1>       xor edx,edx 
   158                              <1>       div ebx
   159                              <1>       add al,'0'
   160                              <1>       PUTCHAR al
   161                              <1>       mov edi,edx
   162                              <1>       xor edx,edx
   163                              <1>       mov eax,ebx
   164                              <1>       div esi
   165                              <1>       cmp eax,1
   166                              <1>       je %%m4
   167                              <1>       mov ebx,eax
   168                              <1>       jmp %%m3
   169                              <1>  %%m4:      
   170                              <1>       mov edx,edi
   171                              <1>       add dl,'0'
   172                              <1>       PUTCHAR dl
   173                              <1>        
   174                              <1>   
   175                              <1> popf
   176                              <1> popa
   177                              <1> %endmacro
   178                              <1> ;;;;;;;;;;;;;;;;;;;;;;;;;;;;;;;;
   179                              <1> %macro SIGNINT 1
   180                              <1> pusha
   181                              <1> pushf
   182                              <1> push dword %1
   183                              <1> pop eax
   184                              <1>     cmp eax,0
   185                              <1>     jge %%m5
   186                              <1>     PUTCHAR '-'
   187                              <1>     neg eax
   188                              <1> %%m5:
   189                              <1>       UNSINT eax
   190                              <1> popf
   191                              <1> popa
   192                              <1> %endmacro
   193                              <1> ;;;;;;;;;;;;;;;;;;;;;;;;;;;;;;;;;;;;;;;;;;;;
   194                              <1> %macro GETUN 1
   195                              <1> pushad
   196                              <1> pushfd
   197                              <1> ;;;;;;;;;;;;;;;;;;;;;;
   198                              <1> xor edi,edi
   199                              <1> xor esi,esi
   200                              <1> %%m1:
   201                              <1> GETCHAR
   202                              <1> cmp al,0xA
   203                              <1> je %%m2
   204                              <1> cmp al,'0'
   205                              <1> jb %%m_err
   206                              <1> cmp al,'9'
   207                              <1> ja %%m_err
   208                              <1> inc edi
   209                              <1> xor ecx,ecx
   210                              <1> mov cl,al
   211                              <1> mov eax,esi
   212                              <1> mov ebx,10
   213                              <1> mul ebx
   214                              <1> sub cl,48
   215                              <1> add eax,ecx
   216                              <1> jc %%m3
   217                              <1> mov esi,eax
   218                              <1> jmp %%m1
   219                              <1> %%m2: 
   220                              <1> cmp edi,0
   221                              <1> je %%m1
   222                              <1> jmp %%m4
   223                              <1> %%m3: PRINT "too big number"
   224                              <1> PUTCHAR 10
   225                              <1> jmp %%m4
   226                              <1> %%m_err: PRINT "ERROR!!!"
   227                              <1> PUTCHAR 0xa
   228                              <1> %%m4:
   229                              <1> ;;;;;;;;;;;;;;;;;;
   230                              <1> push esi
   231                              <1> add esp,4
   232                              <1> popfd
   233                              <1> popad
   234                              <1> sub esp,40
   235                              <1> pop dword %1
   236                              <1> add esp,36
   237                              <1> %endmacro
   238                              <1> ;;;;;;;;;;;;;;;;;;;;;;;;;;;;;;;;;;;;;;;;;;;;
   239                              <1> %macro GETSIG 1
   240                              <1> pushad
   241                              <1> pushfd
   242                              <1> ;;;;;;;;;;;;;;;;;;;;;;;;;;;;;;;;;
   243                              <1> xor edi,edi
   244                              <1> xor esi,esi
   245                              <1> mov ebx,10
   246                              <1> %%m_st1: GETCHAR
   247                              <1> cmp al,0xa
   248                              <1> je %%m_st1
   249                              <1> cmp al,'-'
   250                              <1> jne %%s1
   251                              <1> mov ebx,-10
   252                              <1> push ebx
   253                              <1> GETCHAR
   254                              <1> cmp al,0xa
   255                              <1> je %%m_err
   256                              <1> jmp %%m_st21
   257                              <1> %%s1: push ebx 
   258                              <1> cmp al,'+'
   259                              <1> jne %%m_st21
   260                              <1> GETCHAR 
   261                              <1> cmp al,0xa
   262                              <1> je %%m_err
   263                              <1> jmp %%m_st21
   264                              <1> %%m_st2: GETCHAR
   265                              <1> %%m_st21:  cmp al,0xa
   266                              <1> je %%pr_end
   267                              <1> cmp al,'0'
   268                              <1> jb %%m_err
   269                              <1> cmp al,'9'
   270                              <1> ja %%m_err
   271                              <1> inc edi
   272                              <1> xor ecx,ecx
   273                              <1> mov cl,al
   274                              <1> mov eax,esi
   275                              <1> imul ebx
   276                              <1> sub cl,48
   277                              <1> cmp dword[esp],-10
   278                              <1> je %%j_s
   279                              <1> add eax,ecx
   280                              <1> jmp %%j_per
   281                              <1> %%j_s: sub eax,ecx
   282                              <1> %%j_per: jo %%m_b
   283                              <1> mov esi,eax
   284                              <1> cmp dword[esp],-10
   285                              <1> jne %%m_st2
   286                              <1> neg esi
   287                              <1> jmp %%m_st2
   288                              <1> %%pr_end:  cmp edi,0
   289                              <1> je %%m_st2
   290                              <1> jmp %%m_k
   291                              <1> ;;;;;;;;;
   292                              <1> %%m_err: pop ebx 
   293                              <1> PRINT "ERROR"
   294                              <1> PUTCHAR 0xa
   295                              <1> jmp %%m_end
   296                              <1> %%m_b: pop ebx 
   297                              <1> cmp ebx,-10
   298                              <1> je  %%m_l
   299                              <1> PRINT "too big"
   300                              <1> PUTCHAR 0xa
   301                              <1> jmp %%m_end
   302                              <1> %%m_l: PRINT "too less"
   303                              <1> PUTCHAR 0xa
   304                              <1> jmp %%m_end
   305                              <1> %%m_k: pop ebx
   306                              <1> cmp ebx,-10
   307                              <1> jne %%m_p
   308                              <1> neg esi 
   309                              <1> %%m_p: 
   310                              <1> 
   311                              <1> ;;;;;;;;;;;;;;;;;;;;;;;;;;;;;;;;;
   312                              <1> 
   313                              <1> push esi
   314                              <1> add esp,4
   315                              <1> popfd
   316                              <1> popad
   317                              <1> sub esp,40
   318                              <1> pop dword %1
   319                              <1> add esp,36
   320                              <1> jmp %%mm_e
   321                              <1> %%m_end:
   322                              <1> popfd
   323                              <1> popad
   324                              <1> %%mm_e:
   325                              <1> %endmacro
   326                              <1> 
   327                              <1> 
   328                              <1> 
   329                              <1> 
     2                                  
     3                                  global _start
     4                                  
     5                                  section .data
     6 00000000 060000000400000002-         arr dd 6, 4, 2, 9, 5, 7, 8
     6 00000009 000000090000000500-
     6 00000012 000007000000080000-
     6 0000001B 00                 
     7                                      len equ ($ - arr) / 4
     8                                  
     9                                  section .bss
    10                                  
    11                                  section .text
    12                                  
    13                                  _start:
    14 00000000 60                          pushad
    15 00000001 FF35[00000000]              push dword[arr]
    16 00000007 E813000000                  call find_min
    17 0000000C 8F05[00000000]              pop dword[arr]
    18 00000012 61                          popad
    19                                  
    20                                      FINISH
   126                              <1>  _syscall_exit %1
    35 00000013 BB00000000          <2>  mov ebx, %1
    36 00000018 B801000000          <2>  mov eax, 1
    37 0000001D CD80                <2>  int 0x80
    21                                  
    22                                  find_min:
    23 0000001F 55                          push ebp
    24 00000020 89E5                        mov ebp, esp
    25 00000022 83EC04                      sub esp, 4
    26 00000025 83ED04                      sub ebp, 4
    27                                  
    28 00000028 B900000000                  mov ecx, 0
    29 0000002D 8B15[00000000]              mov edx, [arr]
    30 00000033 895500                      mov [ebp], edx
    31                                  
    32                                  checking:
    33                                      PUTCHAR '0'
    69 00000036 60                  <1>  pusha
    70 00000037 9C                  <1>  pushf
    71                              <1> %ifstr %1
    72 00000038 B030                <1>  mov al, %1
    73                              <1> %elifnum %1
    74                              <1>  mov al, %1
    75                              <1> %elifidni %1,al
    76                              <1>  nop
    77                              <1> %elifidni %1,ah
    78                              <1>  mov al, ah
    79                              <1> %elifidni %1,bl
    80                              <1>  mov al, bl
    81                              <1> %elifidni %1,bh
    82                              <1>  mov al, bh
    83                              <1> %elifidni %1,cl
    84                              <1>  mov al, cl
    85                              <1> %elifidni %1,ch
    86                              <1>  mov al, ch
    87                              <1> %elifidni %1,dl
    88                              <1>  mov al, dl
    89                              <1> %elifidni %1,dh
    90                              <1>  mov al, dh
    91                              <1> %else
    92                              <1>  mov al, %1
    93                              <1> %endif
    94 0000003A 83EC02              <1>  sub esp, 2
    95 0000003D 89E7                <1>  mov edi, esp
    96 0000003F 8807                <1>  mov [edi], al
    97                              <1>  _syscall_write 1, edi, 1
    52                              <2>  _syscall_3 4,%1,%2,%3
    16 00000041 52                  <3>  push edx
    17 00000042 51                  <3>  push ecx
    18 00000043 53                  <3>  push ebx
    19 00000044 6A04                <3>  push %1
    20 00000046 6A01                <3>  push %2
    21 00000048 57                  <3>  push %3
    22 00000049 6A01                <3>  push %4
    23 0000004B 5A                  <3>  pop edx
    24 0000004C 59                  <3>  pop ecx
    25 0000004D 5B                  <3>  pop ebx
    26 0000004E 58                  <3>  pop eax
    27 0000004F CD80                <3>  int 0x80
    28 00000051 5B                  <3>  pop ebx
    29 00000052 59                  <3>  pop ecx
    30 00000053 5A                  <3>  pop edx
    98 00000054 83C402              <1>  add esp, 2
    99 00000057 9D                  <1>  popf
   100 00000058 61                  <1>  popa
    34 00000059 41                          inc ecx
    35 0000005A 39148D[00000000]            cmp [arr + ecx * 4], edx
    36                                      PUTCHAR '1'
    69 00000061 60                  <1>  pusha
    70 00000062 9C                  <1>  pushf
    71                              <1> %ifstr %1
    72 00000063 B031                <1>  mov al, %1
    73                              <1> %elifnum %1
    74                              <1>  mov al, %1
    75                              <1> %elifidni %1,al
    76                              <1>  nop
    77                              <1> %elifidni %1,ah
    78                              <1>  mov al, ah
    79                              <1> %elifidni %1,bl
    80                              <1>  mov al, bl
    81                              <1> %elifidni %1,bh
    82                              <1>  mov al, bh
    83                              <1> %elifidni %1,cl
    84                              <1>  mov al, cl
    85                              <1> %elifidni %1,ch
    86                              <1>  mov al, ch
    87                              <1> %elifidni %1,dl
    88                              <1>  mov al, dl
    89                              <1> %elifidni %1,dh
    90                              <1>  mov al, dh
    91                              <1> %else
    92                              <1>  mov al, %1
    93                              <1> %endif
    94 00000065 83EC02              <1>  sub esp, 2
    95 00000068 89E7                <1>  mov edi, esp
    96 0000006A 8807                <1>  mov [edi], al
    97                              <1>  _syscall_write 1, edi, 1
    52                              <2>  _syscall_3 4,%1,%2,%3
    16 0000006C 52                  <3>  push edx
    17 0000006D 51                  <3>  push ecx
    18 0000006E 53                  <3>  push ebx
    19 0000006F 6A04                <3>  push %1
    20 00000071 6A01                <3>  push %2
    21 00000073 57                  <3>  push %3
    22 00000074 6A01                <3>  push %4
    23 00000076 5A                  <3>  pop edx
    24 00000077 59                  <3>  pop ecx
    25 00000078 5B                  <3>  pop ebx
    26 00000079 58                  <3>  pop eax
    27 0000007A CD80                <3>  int 0x80
    28 0000007C 5B                  <3>  pop ebx
    29 0000007D 59                  <3>  pop ecx
    30 0000007E 5A                  <3>  pop edx
    98 0000007F 83C402              <1>  add esp, 2
    99 00000082 9D                  <1>  popf
   100 00000083 61                  <1>  popa
    37 00000084 7C05                        jl write
    38                                  
    39                                  continue:
    40 00000086 833907                      cmp dword[ecx], len
    41 00000089 7CAB                        jl checking
    42                                  
    43                                  write:
    44 0000008B 8B048D[00000000]            mov eax, [arr + ecx * 4]
    45 00000092 894500                      mov [ebp], eax
    46 00000095 EBEF                        jmp continue
    47                                  
    48                                      SIGNINT [ebp]
   180 00000097 60                  <1> pusha
   181 00000098 9C                  <1> pushf
   182 00000099 FF7500              <1> push dword %1
   183 0000009C 58                  <1> pop eax
   184 0000009D 83F800              <1>  cmp eax,0
   185 000000A0 7D25                <1>  jge %%m5
   186                              <1>  PUTCHAR '-'
    69 000000A2 60                  <2>  pusha
    70 000000A3 9C                  <2>  pushf
    71                              <2> %ifstr %1
    72 000000A4 B02D                <2>  mov al, %1
    73                              <2> %elifnum %1
    74                              <2>  mov al, %1
    75                              <2> %elifidni %1,al
    76                              <2>  nop
    77                              <2> %elifidni %1,ah
    78                              <2>  mov al, ah
    79                              <2> %elifidni %1,bl
    80                              <2>  mov al, bl
    81                              <2> %elifidni %1,bh
    82                              <2>  mov al, bh
    83                              <2> %elifidni %1,cl
    84                              <2>  mov al, cl
    85                              <2> %elifidni %1,ch
    86                              <2>  mov al, ch
    87                              <2> %elifidni %1,dl
    88                              <2>  mov al, dl
    89                              <2> %elifidni %1,dh
    90                              <2>  mov al, dh
    91                              <2> %else
    92                              <2>  mov al, %1
    93                              <2> %endif
    94 000000A6 83EC02              <2>  sub esp, 2
    95 000000A9 89E7                <2>  mov edi, esp
    96 000000AB 8807                <2>  mov [edi], al
    97                              <2>  _syscall_write 1, edi, 1
    52                              <3>  _syscall_3 4,%1,%2,%3
    16 000000AD 52                  <4>  push edx
    17 000000AE 51                  <4>  push ecx
    18 000000AF 53                  <4>  push ebx
    19 000000B0 6A04                <4>  push %1
    20 000000B2 6A01                <4>  push %2
    21 000000B4 57                  <4>  push %3
    22 000000B5 6A01                <4>  push %4
    23 000000B7 5A                  <4>  pop edx
    24 000000B8 59                  <4>  pop ecx
    25 000000B9 5B                  <4>  pop ebx
    26 000000BA 58                  <4>  pop eax
    27 000000BB CD80                <4>  int 0x80
    28 000000BD 5B                  <4>  pop ebx
    29 000000BE 59                  <4>  pop ecx
    30 000000BF 5A                  <4>  pop edx
    98 000000C0 83C402              <2>  add esp, 2
    99 000000C3 9D                  <2>  popf
   100 000000C4 61                  <2>  popa
   187 000000C5 F7D8                <1>  neg eax
   188                              <1> %%m5:
   189                              <1>  UNSINT eax
   130 000000C7 60                  <2> pusha
   131 000000C8 9C                  <2> pushf
   132 000000C9 50                  <2> push dword %1
   133 000000CA 58                  <2> pop eax
   134 000000CB 89C7                <2> mov edi,eax
   135 000000CD BE0A000000          <2> mov esi,10
   136 000000D2 31DB                <2>  xor ebx,ebx
   137                              <2> %%m1:
   138 000000D4 31D2                <2>  xor edx,edx
   139 000000D6 F7F6                <2>  div esi
   140 000000D8 43                  <2>  inc ebx
   141 000000D9 83F800              <2>  cmp eax,0
   142 000000DC 75F6                <2>  jne %%m1
   143                              <2> 
   144 000000DE B801000000          <2>  mov eax,1
   145 000000E3 89D9                <2>  mov ecx,ebx
   146 000000E5 49                  <2>  dec ecx
   147                              <2> 
   148 000000E6 83F900              <2>  cmp ecx,0
   149 000000E9 7441                <2>  je %%m4
   150 000000EB F7E6                <2> %%m2: mul esi
   151 000000ED E2FC                <2>  loop %%m2
   152                              <2> 
   153 000000EF 89C3                <2>  mov ebx,eax
   154                              <2> 
   155                              <2> %%m3:
   156 000000F1 89F8                <2>  mov eax,edi
   157 000000F3 31D2                <2>  xor edx,edx
   158 000000F5 F7F3                <2>  div ebx
   159 000000F7 0430                <2>  add al,'0'
   160                              <2>  PUTCHAR al
    69 000000F9 60                  <3>  pusha
    70 000000FA 9C                  <3>  pushf
    71                              <3> %ifstr %1
    72                              <3>  mov al, %1
    73                              <3> %elifnum %1
    74                              <3>  mov al, %1
    75                              <3> %elifidni %1,al
    76 000000FB 90                  <3>  nop
    77                              <3> %elifidni %1,ah
    78                              <3>  mov al, ah
    79                              <3> %elifidni %1,bl
    80                              <3>  mov al, bl
    81                              <3> %elifidni %1,bh
    82                              <3>  mov al, bh
    83                              <3> %elifidni %1,cl
    84                              <3>  mov al, cl
    85                              <3> %elifidni %1,ch
    86                              <3>  mov al, ch
    87                              <3> %elifidni %1,dl
    88                              <3>  mov al, dl
    89                              <3> %elifidni %1,dh
    90                              <3>  mov al, dh
    91                              <3> %else
    92                              <3>  mov al, %1
    93                              <3> %endif
    94 000000FC 83EC02              <3>  sub esp, 2
    95 000000FF 89E7                <3>  mov edi, esp
    96 00000101 8807                <3>  mov [edi], al
    97                              <3>  _syscall_write 1, edi, 1
    52                              <4>  _syscall_3 4,%1,%2,%3
    16 00000103 52                  <5>  push edx
    17 00000104 51                  <5>  push ecx
    18 00000105 53                  <5>  push ebx
    19 00000106 6A04                <5>  push %1
    20 00000108 6A01                <5>  push %2
    21 0000010A 57                  <5>  push %3
    22 0000010B 6A01                <5>  push %4
    23 0000010D 5A                  <5>  pop edx
    24 0000010E 59                  <5>  pop ecx
    25 0000010F 5B                  <5>  pop ebx
    26 00000110 58                  <5>  pop eax
    27 00000111 CD80                <5>  int 0x80
    28 00000113 5B                  <5>  pop ebx
    29 00000114 59                  <5>  pop ecx
    30 00000115 5A                  <5>  pop edx
    98 00000116 83C402              <3>  add esp, 2
    99 00000119 9D                  <3>  popf
   100 0000011A 61                  <3>  popa
   161 0000011B 89D7                <2>  mov edi,edx
   162 0000011D 31D2                <2>  xor edx,edx
   163 0000011F 89D8                <2>  mov eax,ebx
   164 00000121 F7F6                <2>  div esi
   165 00000123 83F801              <2>  cmp eax,1
   166 00000126 7404                <2>  je %%m4
   167 00000128 89C3                <2>  mov ebx,eax
   168 0000012A EBC5                <2>  jmp %%m3
   169                              <2>  %%m4:
   170 0000012C 89FA                <2>  mov edx,edi
   171 0000012E 80C230              <2>  add dl,'0'
   172                              <2>  PUTCHAR dl
    69 00000131 60                  <3>  pusha
    70 00000132 9C                  <3>  pushf
    71                              <3> %ifstr %1
    72                              <3>  mov al, %1
    73                              <3> %elifnum %1
    74                              <3>  mov al, %1
    75                              <3> %elifidni %1,al
    76                              <3>  nop
    77                              <3> %elifidni %1,ah
    78                              <3>  mov al, ah
    79                              <3> %elifidni %1,bl
    80                              <3>  mov al, bl
    81                              <3> %elifidni %1,bh
    82                              <3>  mov al, bh
    83                              <3> %elifidni %1,cl
    84                              <3>  mov al, cl
    85                              <3> %elifidni %1,ch
    86                              <3>  mov al, ch
    87                              <3> %elifidni %1,dl
    88 00000133 88D0                <3>  mov al, dl
    89                              <3> %elifidni %1,dh
    90                              <3>  mov al, dh
    91                              <3> %else
    92                              <3>  mov al, %1
    93                              <3> %endif
    94 00000135 83EC02              <3>  sub esp, 2
    95 00000138 89E7                <3>  mov edi, esp
    96 0000013A 8807                <3>  mov [edi], al
    97                              <3>  _syscall_write 1, edi, 1
    52                              <4>  _syscall_3 4,%1,%2,%3
    16 0000013C 52                  <5>  push edx
    17 0000013D 51                  <5>  push ecx
    18 0000013E 53                  <5>  push ebx
    19 0000013F 6A04                <5>  push %1
    20 00000141 6A01                <5>  push %2
    21 00000143 57                  <5>  push %3
    22 00000144 6A01                <5>  push %4
    23 00000146 5A                  <5>  pop edx
    24 00000147 59                  <5>  pop ecx
    25 00000148 5B                  <5>  pop ebx
    26 00000149 58                  <5>  pop eax
    27 0000014A CD80                <5>  int 0x80
    28 0000014C 5B                  <5>  pop ebx
    29 0000014D 59                  <5>  pop ecx
    30 0000014E 5A                  <5>  pop edx
    98 0000014F 83C402              <3>  add esp, 2
    99 00000152 9D                  <3>  popf
   100 00000153 61                  <3>  popa
   173                              <2> 
   174                              <2> 
   175 00000154 9D                  <2> popf
   176 00000155 61                  <2> popa
   190 00000156 9D                  <1> popf
   191 00000157 61                  <1> popa
    49                                      PUTCHAR 0xA
    69 00000158 60                  <1>  pusha
    70 00000159 9C                  <1>  pushf
    71                              <1> %ifstr %1
    72                              <1>  mov al, %1
    73                              <1> %elifnum %1
    74 0000015A B00A                <1>  mov al, %1
    75                              <1> %elifidni %1,al
    76                              <1>  nop
    77                              <1> %elifidni %1,ah
    78                              <1>  mov al, ah
    79                              <1> %elifidni %1,bl
    80                              <1>  mov al, bl
    81                              <1> %elifidni %1,bh
    82                              <1>  mov al, bh
    83                              <1> %elifidni %1,cl
    84                              <1>  mov al, cl
    85                              <1> %elifidni %1,ch
    86                              <1>  mov al, ch
    87                              <1> %elifidni %1,dl
    88                              <1>  mov al, dl
    89                              <1> %elifidni %1,dh
    90                              <1>  mov al, dh
    91                              <1> %else
    92                              <1>  mov al, %1
    93                              <1> %endif
    94 0000015C 83EC02              <1>  sub esp, 2
    95 0000015F 89E7                <1>  mov edi, esp
    96 00000161 8807                <1>  mov [edi], al
    97                              <1>  _syscall_write 1, edi, 1
    52                              <2>  _syscall_3 4,%1,%2,%3
    16 00000163 52                  <3>  push edx
    17 00000164 51                  <3>  push ecx
    18 00000165 53                  <3>  push ebx
    19 00000166 6A04                <3>  push %1
    20 00000168 6A01                <3>  push %2
    21 0000016A 57                  <3>  push %3
    22 0000016B 6A01                <3>  push %4
    23 0000016D 5A                  <3>  pop edx
    24 0000016E 59                  <3>  pop ecx
    25 0000016F 5B                  <3>  pop ebx
    26 00000170 58                  <3>  pop eax
    27 00000171 CD80                <3>  int 0x80
    28 00000173 5B                  <3>  pop ebx
    29 00000174 59                  <3>  pop ecx
    30 00000175 5A                  <3>  pop edx
    98 00000176 83C402              <1>  add esp, 2
    99 00000179 9D                  <1>  popf
   100 0000017A 61                  <1>  popa
    50                                  
    51 0000017B 83C504                      add ebp, 4
    52 0000017E 89EC                        mov esp, ebp
    53 00000180 5D                          pop ebp
    54 00000181 C3                          ret
