     1                                  %include "../st_io.inc"
     2                              <1> ;; File stud_io.inc for Linux O.S.
     3                              <1> ;; Copyright (c) Andrey Vikt. Stolyarov, 2009.
     4                              <1> ;; I, the author, hereby grant everyone the right to use this
     5                              <1> ;; file for any purpose, in any manner, in it's original or
     6                              <1> ;; modified form, provided that any modified versions are
     7                              <1> ;; clearly marked as such.
     8                              <1> ;; file changed, macros added (by Divari I.N.,
     9                              <1> ;; Department of computer science, MIPT, 2019-2020) 
    10                              <1> 
    11                              <1> ;;;;;;;;;;;;;;;;;;;;;;;;;;;;;;;;;;;;;;;;;;;;;;;;;;;;;;;;;;;;;;;;;
    12                              <1> ;; system dependend part
    13                              <1> 
    14                              <1> ; generic 3-param syscall
    15                              <1> %macro _syscall_3 4
    16                              <1> 	push edx
    17                              <1> 	push ecx
    18                              <1> 	push ebx ; it is senseless to save eax as it holds the return
    19                              <1> 	push %1
    20                              <1> 	push %2
    21                              <1> 	push %3
    22                              <1> 	push %4
    23                              <1> 	pop edx
    24                              <1> 	pop ecx
    25                              <1> 	pop ebx
    26                              <1> 	pop eax 
    27                              <1> 	int 0x80
    28                              <1> 	pop ebx
    29                              <1> 	pop ecx
    30                              <1> 	pop edx
    31                              <1> %endmacro
    32                              <1> 
    33                              <1> ; syscall_exit is the only syscall we use that has 1 parameter
    34                              <1> %macro _syscall_exit 1
    35                              <1> 	mov ebx, %1	; exit code
    36                              <1> 	mov eax, 1	; 1 = sys_exit
    37                              <1> 	int 0x80
    38                              <1> %endmacro
    39                              <1> 
    40                              <1> ;; system dependent part ends here
    41                              <1> ;;;;;;;;;;;;;;;;;;;;;;;;;;;;;;;;;;;;;;;;;;;;;;;;;;;;;;;;;;;;;;;;;
    42                              <1> 
    43                              <1> ; %1: descriptor   %2: buffer addr   %3: buffer length 
    44                              <1> ; output: eax: read bytes
    45                              <1> %macro _syscall_read 3
    46                              <1> 	_syscall_3 3,%1,%2,%3
    47                              <1> %endmacro
    48                              <1> 
    49                              <1> ; %1: descriptor   %2: buffer addr   %3: buffer length 
    50                              <1> ; output: eax: written bytes
    51                              <1> %macro _syscall_write 3
    52                              <1> 	_syscall_3 4,%1,%2,%3
    53                              <1> %endmacro
    54                              <1> 
    55                              <1> ;;;;;;;;;;;;;;;;;;;;;;;;;;;;;;;;;;
    56                              <1> %macro 	PRINT 1
    57                              <1> 	pusha
    58                              <1> 	pushf
    59                              <1> 	jmp %%astr
    60                              <1> %%str	db	%1, 0
    61                              <1> %%strln	equ	$-%%str
    62                              <1> %%astr:	_syscall_write 1, %%str, %%strln
    63                              <1> 	popf
    64                              <1> 	popa
    65                              <1> %endmacro
    66                              <1> 
    67                              <1> ;;;;;;;;;;;;;;;;;;;;;;;;;;;;;;;;;;
    68                              <1> %macro	PUTCHAR 1
    69                              <1> 	pusha
    70                              <1> 	pushf
    71                              <1> %ifstr %1
    72                              <1> 	mov	al, %1
    73                              <1> %elifnum %1
    74                              <1> 	mov	al, %1
    75                              <1> %elifidni %1,al
    76                              <1> 	nop
    77                              <1> %elifidni %1,ah
    78                              <1> 	mov	al, ah
    79                              <1> %elifidni %1,bl
    80                              <1> 	mov	al, bl
    81                              <1> %elifidni %1,bh
    82                              <1> 	mov	al, bh
    83                              <1> %elifidni %1,cl
    84                              <1> 	mov	al, cl
    85                              <1> %elifidni %1,ch
    86                              <1> 	mov	al, ch
    87                              <1> %elifidni %1,dl
    88                              <1> 	mov	al, dl
    89                              <1> %elifidni %1,dh
    90                              <1> 	mov	al, dh
    91                              <1> %else
    92                              <1> 	mov	al, %1  ; let's hope it is a memory location such as [var]
    93                              <1> %endif
    94                              <1> 	sub	esp, 2  ; reserve memory for buffer
    95                              <1> 	mov	edi, esp
    96                              <1> 	mov	[edi], al
    97                              <1> 	_syscall_write 1, edi, 1
    98                              <1> 	add	esp, 2
    99                              <1> 	popf
   100                              <1> 	popa
   101                              <1> %endmacro
   102                              <1> 
   103                              <1> ;;;;;;;;;;;;;;;;;;;;;;;;;;;;;;;;;;
   104                              <1> %macro	GETCHAR 0
   105                              <1> 	pushf
   106                              <1> 	push	edi
   107                              <1> 	sub	esp, 2
   108                              <1> 	mov	edi, esp
   109                              <1> 	_syscall_read 0, edi, 1
   110                              <1> 	cmp	eax, 1
   111                              <1> 	jne	%%eof_reached
   112                              <1> 	xor	eax,eax
   113                              <1> 	mov	al, [edi]
   114                              <1> 	jmp	%%gcquit
   115                              <1> %%eof_reached:
   116                              <1> 	xor	eax, eax
   117                              <1> 	not	eax 		; eax := -1
   118                              <1> %%gcquit:
   119                              <1> 	add	esp, 2
   120                              <1> 	pop	edi
   121                              <1> 	popf
   122                              <1> %endmacro
   123                              <1> 
   124                              <1> ;;;;;;;;;;;;;;;;;;;;;;;;;;;;;;;;;;
   125                              <1> %macro FINISH 0-1 0
   126                              <1> 	_syscall_exit %1
   127                              <1> %endmacro
   128                              <1> ;;;;;;;;;;;;;;;;;;;;;;;;;;;;;;;;;
   129                              <1> %macro UNSINT 1
   130                              <1> pusha
   131                              <1> pushf
   132                              <1> push dword %1
   133                              <1> pop eax
   134                              <1> mov edi,eax
   135                              <1> mov esi,10
   136                              <1>   xor ebx,ebx
   137                              <1> %%m1:
   138                              <1>    xor edx,edx
   139                              <1>    div esi
   140                              <1>    inc ebx
   141                              <1>    cmp eax,0
   142                              <1>    jne %%m1
   143                              <1>     
   144                              <1>    mov eax,1
   145                              <1>    mov ecx,ebx
   146                              <1>    dec ecx
   147                              <1> ;;;;;;;;;;;;;;;;;;;;;;;;;;;;;;
   148                              <1>     cmp ecx,0
   149                              <1>      je %%m4
   150                              <1> %%m2:  mul esi
   151                              <1>        loop %%m2
   152                              <1> 
   153                              <1>        mov ebx,eax
   154                              <1> 
   155                              <1> %%m3:       
   156                              <1>       mov eax,edi 
   157                              <1>       xor edx,edx 
   158                              <1>       div ebx
   159                              <1>       add al,'0'
   160                              <1>       PUTCHAR al
   161                              <1>       mov edi,edx
   162                              <1>       xor edx,edx
   163                              <1>       mov eax,ebx
   164                              <1>       div esi
   165                              <1>       cmp eax,1
   166                              <1>       je %%m4
   167                              <1>       mov ebx,eax
   168                              <1>       jmp %%m3
   169                              <1>  %%m4:      
   170                              <1>       mov edx,edi
   171                              <1>       add dl,'0'
   172                              <1>       PUTCHAR dl
   173                              <1>        
   174                              <1>   
   175                              <1> popf
   176                              <1> popa
   177                              <1> %endmacro
   178                              <1> ;;;;;;;;;;;;;;;;;;;;;;;;;;;;;;;;
   179                              <1> %macro SIGNINT 1
   180                              <1> pusha
   181                              <1> pushf
   182                              <1> push dword %1
   183                              <1> pop eax
   184                              <1>     cmp eax,0
   185                              <1>     jge %%m5
   186                              <1>     PUTCHAR '-'
   187                              <1>     neg eax
   188                              <1> %%m5:
   189                              <1>       UNSINT eax
   190                              <1> popf
   191                              <1> popa
   192                              <1> %endmacro
   193                              <1> ;;;;;;;;;;;;;;;;;;;;;;;;;;;;;;;;;;;;;;;;;;;;
   194                              <1> %macro GETUN 1
   195                              <1> pushad
   196                              <1> pushfd
   197                              <1> ;;;;;;;;;;;;;;;;;;;;;;
   198                              <1> xor edi,edi
   199                              <1> xor esi,esi
   200                              <1> %%m1:
   201                              <1> GETCHAR
   202                              <1> cmp al,0xA
   203                              <1> je %%m2
   204                              <1> cmp al,'0'
   205                              <1> jb %%m_err
   206                              <1> cmp al,'9'
   207                              <1> ja %%m_err
   208                              <1> inc edi
   209                              <1> xor ecx,ecx
   210                              <1> mov cl,al
   211                              <1> mov eax,esi
   212                              <1> mov ebx,10
   213                              <1> mul ebx
   214                              <1> sub cl,48
   215                              <1> add eax,ecx
   216                              <1> jc %%m3
   217                              <1> mov esi,eax
   218                              <1> jmp %%m1
   219                              <1> %%m2: 
   220                              <1> cmp edi,0
   221                              <1> je %%m1
   222                              <1> jmp %%m4
   223                              <1> %%m3: PRINT "too big number"
   224                              <1> PUTCHAR 10
   225                              <1> jmp %%m4
   226                              <1> %%m_err: PRINT "ERROR!!!"
   227                              <1> PUTCHAR 0xa
   228                              <1> %%m4:
   229                              <1> ;;;;;;;;;;;;;;;;;;
   230                              <1> push esi
   231                              <1> add esp,4
   232                              <1> popfd
   233                              <1> popad
   234                              <1> sub esp,40
   235                              <1> pop dword %1
   236                              <1> add esp,36
   237                              <1> %endmacro
   238                              <1> ;;;;;;;;;;;;;;;;;;;;;;;;;;;;;;;;;;;;;;;;;;;;
   239                              <1> %macro GETSIG 1
   240                              <1> pushad
   241                              <1> pushfd
   242                              <1> ;;;;;;;;;;;;;;;;;;;;;;;;;;;;;;;;;
   243                              <1> xor edi,edi
   244                              <1> xor esi,esi
   245                              <1> mov ebx,10
   246                              <1> %%m_st1: GETCHAR
   247                              <1> cmp al,0xa
   248                              <1> je %%m_st1
   249                              <1> cmp al,'-'
   250                              <1> jne %%s1
   251                              <1> mov ebx,-10
   252                              <1> push ebx
   253                              <1> GETCHAR
   254                              <1> cmp al,0xa
   255                              <1> je %%m_err
   256                              <1> jmp %%m_st21
   257                              <1> %%s1: push ebx 
   258                              <1> cmp al,'+'
   259                              <1> jne %%m_st21
   260                              <1> GETCHAR 
   261                              <1> cmp al,0xa
   262                              <1> je %%m_err
   263                              <1> jmp %%m_st21
   264                              <1> %%m_st2: GETCHAR
   265                              <1> %%m_st21:  cmp al,0xa
   266                              <1> je %%pr_end
   267                              <1> cmp al,'0'
   268                              <1> jb %%m_err
   269                              <1> cmp al,'9'
   270                              <1> ja %%m_err
   271                              <1> inc edi
   272                              <1> xor ecx,ecx
   273                              <1> mov cl,al
   274                              <1> mov eax,esi
   275                              <1> imul ebx
   276                              <1> sub cl,48
   277                              <1> cmp dword[esp],-10
   278                              <1> je %%j_s
   279                              <1> add eax,ecx
   280                              <1> jmp %%j_per
   281                              <1> %%j_s: sub eax,ecx
   282                              <1> %%j_per: jo %%m_b
   283                              <1> mov esi,eax
   284                              <1> cmp dword[esp],-10
   285                              <1> jne %%m_st2
   286                              <1> neg esi
   287                              <1> jmp %%m_st2
   288                              <1> %%pr_end:  cmp edi,0
   289                              <1> je %%m_st2
   290                              <1> jmp %%m_k
   291                              <1> ;;;;;;;;;
   292                              <1> %%m_err: pop ebx 
   293                              <1> PRINT "ERROR"
   294                              <1> PUTCHAR 0xa
   295                              <1> jmp %%m_end
   296                              <1> %%m_b: pop ebx 
   297                              <1> cmp ebx,-10
   298                              <1> je  %%m_l
   299                              <1> PRINT "too big"
   300                              <1> PUTCHAR 0xa
   301                              <1> jmp %%m_end
   302                              <1> %%m_l: PRINT "too less"
   303                              <1> PUTCHAR 0xa
   304                              <1> jmp %%m_end
   305                              <1> %%m_k: pop ebx
   306                              <1> cmp ebx,-10
   307                              <1> jne %%m_p
   308                              <1> neg esi 
   309                              <1> %%m_p: 
   310                              <1> 
   311                              <1> ;;;;;;;;;;;;;;;;;;;;;;;;;;;;;;;;;
   312                              <1> 
   313                              <1> push esi
   314                              <1> add esp,4
   315                              <1> popfd
   316                              <1> popad
   317                              <1> sub esp,40
   318                              <1> pop dword %1
   319                              <1> add esp,36
   320                              <1> jmp %%mm_e
   321                              <1> %%m_end:
   322                              <1> popfd
   323                              <1> popad
   324                              <1> %%mm_e:
   325                              <1> %endmacro
   326                              <1> 
   327                              <1> 
   328                              <1> 
   329                              <1> 
     2                                  
     3                                  global _start
     4                                  
     5                                  section .data
     6                                      
     7                                  section .bss
     8                                  
     9                                  section .text
    10                                  
    11                                  _start:
    12 00000000 EB02                        jmp m
    13                                  
    14                                  end:
    15 00000002 CD80                        int 0x80
    16                                  
    17                                  m:
    18                                      PUTCHAR '*'
    69 00000004 60                  <1>  pusha
    70 00000005 9C                  <1>  pushf
    71                              <1> %ifstr %1
    72 00000006 B02A                <1>  mov al, %1
    73                              <1> %elifnum %1
    74                              <1>  mov al, %1
    75                              <1> %elifidni %1,al
    76                              <1>  nop
    77                              <1> %elifidni %1,ah
    78                              <1>  mov al, ah
    79                              <1> %elifidni %1,bl
    80                              <1>  mov al, bl
    81                              <1> %elifidni %1,bh
    82                              <1>  mov al, bh
    83                              <1> %elifidni %1,cl
    84                              <1>  mov al, cl
    85                              <1> %elifidni %1,ch
    86                              <1>  mov al, ch
    87                              <1> %elifidni %1,dl
    88                              <1>  mov al, dl
    89                              <1> %elifidni %1,dh
    90                              <1>  mov al, dh
    91                              <1> %else
    92                              <1>  mov al, %1
    93                              <1> %endif
    94 00000008 83EC02              <1>  sub esp, 2
    95 0000000B 89E7                <1>  mov edi, esp
    96 0000000D 8807                <1>  mov [edi], al
    97                              <1>  _syscall_write 1, edi, 1
    52                              <2>  _syscall_3 4,%1,%2,%3
    16 0000000F 52                  <3>  push edx
    17 00000010 51                  <3>  push ecx
    18 00000011 53                  <3>  push ebx
    19 00000012 6A04                <3>  push %1
    20 00000014 6A01                <3>  push %2
    21 00000016 57                  <3>  push %3
    22 00000017 6A01                <3>  push %4
    23 00000019 5A                  <3>  pop edx
    24 0000001A 59                  <3>  pop ecx
    25 0000001B 5B                  <3>  pop ebx
    26 0000001C 58                  <3>  pop eax
    27 0000001D CD80                <3>  int 0x80
    28 0000001F 5B                  <3>  pop ebx
    29 00000020 59                  <3>  pop ecx
    30 00000021 5A                  <3>  pop edx
    98 00000022 83C402              <1>  add esp, 2
    99 00000025 9D                  <1>  popf
   100 00000026 61                  <1>  popa
    19                                      PUTCHAR '*'
    69 00000027 60                  <1>  pusha
    70 00000028 9C                  <1>  pushf
    71                              <1> %ifstr %1
    72 00000029 B02A                <1>  mov al, %1
    73                              <1> %elifnum %1
    74                              <1>  mov al, %1
    75                              <1> %elifidni %1,al
    76                              <1>  nop
    77                              <1> %elifidni %1,ah
    78                              <1>  mov al, ah
    79                              <1> %elifidni %1,bl
    80                              <1>  mov al, bl
    81                              <1> %elifidni %1,bh
    82                              <1>  mov al, bh
    83                              <1> %elifidni %1,cl
    84                              <1>  mov al, cl
    85                              <1> %elifidni %1,ch
    86                              <1>  mov al, ch
    87                              <1> %elifidni %1,dl
    88                              <1>  mov al, dl
    89                              <1> %elifidni %1,dh
    90                              <1>  mov al, dh
    91                              <1> %else
    92                              <1>  mov al, %1
    93                              <1> %endif
    94 0000002B 83EC02              <1>  sub esp, 2
    95 0000002E 89E7                <1>  mov edi, esp
    96 00000030 8807                <1>  mov [edi], al
    97                              <1>  _syscall_write 1, edi, 1
    52                              <2>  _syscall_3 4,%1,%2,%3
    16 00000032 52                  <3>  push edx
    17 00000033 51                  <3>  push ecx
    18 00000034 53                  <3>  push ebx
    19 00000035 6A04                <3>  push %1
    20 00000037 6A01                <3>  push %2
    21 00000039 57                  <3>  push %3
    22 0000003A 6A01                <3>  push %4
    23 0000003C 5A                  <3>  pop edx
    24 0000003D 59                  <3>  pop ecx
    25 0000003E 5B                  <3>  pop ebx
    26 0000003F 58                  <3>  pop eax
    27 00000040 CD80                <3>  int 0x80
    28 00000042 5B                  <3>  pop ebx
    29 00000043 59                  <3>  pop ecx
    30 00000044 5A                  <3>  pop edx
    98 00000045 83C402              <1>  add esp, 2
    99 00000048 9D                  <1>  popf
   100 00000049 61                  <1>  popa
    20                                      UNSINT eax
   130 0000004A 60                  <1> pusha
   131 0000004B 9C                  <1> pushf
   132 0000004C 50                  <1> push dword %1
   133 0000004D 58                  <1> pop eax
   134 0000004E 89C7                <1> mov edi,eax
   135 00000050 BE0A000000          <1> mov esi,10
   136 00000055 31DB                <1>  xor ebx,ebx
   137                              <1> %%m1:
   138 00000057 31D2                <1>  xor edx,edx
   139 00000059 F7F6                <1>  div esi
   140 0000005B 43                  <1>  inc ebx
   141 0000005C 83F800              <1>  cmp eax,0
   142 0000005F 75F6                <1>  jne %%m1
   143                              <1> 
   144 00000061 B801000000          <1>  mov eax,1
   145 00000066 89D9                <1>  mov ecx,ebx
   146 00000068 49                  <1>  dec ecx
   147                              <1> 
   148 00000069 83F900              <1>  cmp ecx,0
   149 0000006C 7441                <1>  je %%m4
   150 0000006E F7E6                <1> %%m2: mul esi
   151 00000070 E2FC                <1>  loop %%m2
   152                              <1> 
   153 00000072 89C3                <1>  mov ebx,eax
   154                              <1> 
   155                              <1> %%m3:
   156 00000074 89F8                <1>  mov eax,edi
   157 00000076 31D2                <1>  xor edx,edx
   158 00000078 F7F3                <1>  div ebx
   159 0000007A 0430                <1>  add al,'0'
   160                              <1>  PUTCHAR al
    69 0000007C 60                  <2>  pusha
    70 0000007D 9C                  <2>  pushf
    71                              <2> %ifstr %1
    72                              <2>  mov al, %1
    73                              <2> %elifnum %1
    74                              <2>  mov al, %1
    75                              <2> %elifidni %1,al
    76 0000007E 90                  <2>  nop
    77                              <2> %elifidni %1,ah
    78                              <2>  mov al, ah
    79                              <2> %elifidni %1,bl
    80                              <2>  mov al, bl
    81                              <2> %elifidni %1,bh
    82                              <2>  mov al, bh
    83                              <2> %elifidni %1,cl
    84                              <2>  mov al, cl
    85                              <2> %elifidni %1,ch
    86                              <2>  mov al, ch
    87                              <2> %elifidni %1,dl
    88                              <2>  mov al, dl
    89                              <2> %elifidni %1,dh
    90                              <2>  mov al, dh
    91                              <2> %else
    92                              <2>  mov al, %1
    93                              <2> %endif
    94 0000007F 83EC02              <2>  sub esp, 2
    95 00000082 89E7                <2>  mov edi, esp
    96 00000084 8807                <2>  mov [edi], al
    97                              <2>  _syscall_write 1, edi, 1
    52                              <3>  _syscall_3 4,%1,%2,%3
    16 00000086 52                  <4>  push edx
    17 00000087 51                  <4>  push ecx
    18 00000088 53                  <4>  push ebx
    19 00000089 6A04                <4>  push %1
    20 0000008B 6A01                <4>  push %2
    21 0000008D 57                  <4>  push %3
    22 0000008E 6A01                <4>  push %4
    23 00000090 5A                  <4>  pop edx
    24 00000091 59                  <4>  pop ecx
    25 00000092 5B                  <4>  pop ebx
    26 00000093 58                  <4>  pop eax
    27 00000094 CD80                <4>  int 0x80
    28 00000096 5B                  <4>  pop ebx
    29 00000097 59                  <4>  pop ecx
    30 00000098 5A                  <4>  pop edx
    98 00000099 83C402              <2>  add esp, 2
    99 0000009C 9D                  <2>  popf
   100 0000009D 61                  <2>  popa
   161 0000009E 89D7                <1>  mov edi,edx
   162 000000A0 31D2                <1>  xor edx,edx
   163 000000A2 89D8                <1>  mov eax,ebx
   164 000000A4 F7F6                <1>  div esi
   165 000000A6 83F801              <1>  cmp eax,1
   166 000000A9 7404                <1>  je %%m4
   167 000000AB 89C3                <1>  mov ebx,eax
   168 000000AD EBC5                <1>  jmp %%m3
   169                              <1>  %%m4:
   170 000000AF 89FA                <1>  mov edx,edi
   171 000000B1 80C230              <1>  add dl,'0'
   172                              <1>  PUTCHAR dl
    69 000000B4 60                  <2>  pusha
    70 000000B5 9C                  <2>  pushf
    71                              <2> %ifstr %1
    72                              <2>  mov al, %1
    73                              <2> %elifnum %1
    74                              <2>  mov al, %1
    75                              <2> %elifidni %1,al
    76                              <2>  nop
    77                              <2> %elifidni %1,ah
    78                              <2>  mov al, ah
    79                              <2> %elifidni %1,bl
    80                              <2>  mov al, bl
    81                              <2> %elifidni %1,bh
    82                              <2>  mov al, bh
    83                              <2> %elifidni %1,cl
    84                              <2>  mov al, cl
    85                              <2> %elifidni %1,ch
    86                              <2>  mov al, ch
    87                              <2> %elifidni %1,dl
    88 000000B6 88D0                <2>  mov al, dl
    89                              <2> %elifidni %1,dh
    90                              <2>  mov al, dh
    91                              <2> %else
    92                              <2>  mov al, %1
    93                              <2> %endif
    94 000000B8 83EC02              <2>  sub esp, 2
    95 000000BB 89E7                <2>  mov edi, esp
    96 000000BD 8807                <2>  mov [edi], al
    97                              <2>  _syscall_write 1, edi, 1
    52                              <3>  _syscall_3 4,%1,%2,%3
    16 000000BF 52                  <4>  push edx
    17 000000C0 51                  <4>  push ecx
    18 000000C1 53                  <4>  push ebx
    19 000000C2 6A04                <4>  push %1
    20 000000C4 6A01                <4>  push %2
    21 000000C6 57                  <4>  push %3
    22 000000C7 6A01                <4>  push %4
    23 000000C9 5A                  <4>  pop edx
    24 000000CA 59                  <4>  pop ecx
    25 000000CB 5B                  <4>  pop ebx
    26 000000CC 58                  <4>  pop eax
    27 000000CD CD80                <4>  int 0x80
    28 000000CF 5B                  <4>  pop ebx
    29 000000D0 59                  <4>  pop ecx
    30 000000D1 5A                  <4>  pop edx
    98 000000D2 83C402              <2>  add esp, 2
    99 000000D5 9D                  <2>  popf
   100 000000D6 61                  <2>  popa
   173                              <1> 
   174                              <1> 
   175 000000D7 9D                  <1> popf
   176 000000D8 61                  <1> popa
    21 000000D9 E924FFFFFF                  jmp end
