     1                                  %include "../st_io.inc"
     2                              <1> ;; File stud_io.inc for Linux O.S.
     3                              <1> ;; Copyright (c) Andrey Vikt. Stolyarov, 2009.
     4                              <1> ;; I, the author, hereby grant everyone the right to use this
     5                              <1> ;; file for any purpose, in any manner, in it's original or
     6                              <1> ;; modified form, provided that any modified versions are
     7                              <1> ;; clearly marked as such.
     8                              <1> ;; file changed, macros added (by Divari I.N.,
     9                              <1> ;; Department of computer science, MIPT, 2019-2020) 
    10                              <1> 
    11                              <1> ;;;;;;;;;;;;;;;;;;;;;;;;;;;;;;;;;;;;;;;;;;;;;;;;;;;;;;;;;;;;;;;;;
    12                              <1> ;; system dependend part
    13                              <1> 
    14                              <1> ; generic 3-param syscall
    15                              <1> %macro _syscall_3 4
    16                              <1> 	push edx
    17                              <1> 	push ecx
    18                              <1> 	push ebx ; it is senseless to save eax as it holds the return
    19                              <1> 	push %1
    20                              <1> 	push %2
    21                              <1> 	push %3
    22                              <1> 	push %4
    23                              <1> 	pop edx
    24                              <1> 	pop ecx
    25                              <1> 	pop ebx
    26                              <1> 	pop eax 
    27                              <1> 	int 0x80
    28                              <1> 	pop ebx
    29                              <1> 	pop ecx
    30                              <1> 	pop edx
    31                              <1> %endmacro
    32                              <1> 
    33                              <1> ; syscall_exit is the only syscall we use that has 1 parameter
    34                              <1> %macro _syscall_exit 1
    35                              <1> 	mov ebx, %1	; exit code
    36                              <1> 	mov eax, 1	; 1 = sys_exit
    37                              <1> 	int 0x80
    38                              <1> %endmacro
    39                              <1> 
    40                              <1> ;; system dependent part ends here
    41                              <1> ;;;;;;;;;;;;;;;;;;;;;;;;;;;;;;;;;;;;;;;;;;;;;;;;;;;;;;;;;;;;;;;;;
    42                              <1> 
    43                              <1> ; %1: descriptor   %2: buffer addr   %3: buffer length 
    44                              <1> ; output: eax: read bytes
    45                              <1> %macro _syscall_read 3
    46                              <1> 	_syscall_3 3,%1,%2,%3
    47                              <1> %endmacro
    48                              <1> 
    49                              <1> ; %1: descriptor   %2: buffer addr   %3: buffer length 
    50                              <1> ; output: eax: written bytes
    51                              <1> %macro _syscall_write 3
    52                              <1> 	_syscall_3 4,%1,%2,%3
    53                              <1> %endmacro
    54                              <1> 
    55                              <1> ;;;;;;;;;;;;;;;;;;;;;;;;;;;;;;;;;;
    56                              <1> %macro 	PRINT 1
    57                              <1> 	pusha
    58                              <1> 	pushf
    59                              <1> 	jmp %%astr
    60                              <1> %%str	db	%1, 0
    61                              <1> %%strln	equ	$-%%str
    62                              <1> %%astr:	_syscall_write 1, %%str, %%strln
    63                              <1> 	popf
    64                              <1> 	popa
    65                              <1> %endmacro
    66                              <1> 
    67                              <1> ;;;;;;;;;;;;;;;;;;;;;;;;;;;;;;;;;;
    68                              <1> %macro	PUTCHAR 1
    69                              <1> 	pusha
    70                              <1> 	pushf
    71                              <1> %ifstr %1
    72                              <1> 	mov	al, %1
    73                              <1> %elifnum %1
    74                              <1> 	mov	al, %1
    75                              <1> %elifidni %1,al
    76                              <1> 	nop
    77                              <1> %elifidni %1,ah
    78                              <1> 	mov	al, ah
    79                              <1> %elifidni %1,bl
    80                              <1> 	mov	al, bl
    81                              <1> %elifidni %1,bh
    82                              <1> 	mov	al, bh
    83                              <1> %elifidni %1,cl
    84                              <1> 	mov	al, cl
    85                              <1> %elifidni %1,ch
    86                              <1> 	mov	al, ch
    87                              <1> %elifidni %1,dl
    88                              <1> 	mov	al, dl
    89                              <1> %elifidni %1,dh
    90                              <1> 	mov	al, dh
    91                              <1> %else
    92                              <1> 	mov	al, %1  ; let's hope it is a memory location such as [var]
    93                              <1> %endif
    94                              <1> 	sub	esp, 2  ; reserve memory for buffer
    95                              <1> 	mov	edi, esp
    96                              <1> 	mov	[edi], al
    97                              <1> 	_syscall_write 1, edi, 1
    98                              <1> 	add	esp, 2
    99                              <1> 	popf
   100                              <1> 	popa
   101                              <1> %endmacro
   102                              <1> 
   103                              <1> ;;;;;;;;;;;;;;;;;;;;;;;;;;;;;;;;;;
   104                              <1> %macro	GETCHAR 0
   105                              <1> 	pushf
   106                              <1> 	push	edi
   107                              <1> 	sub	esp, 2
   108                              <1> 	mov	edi, esp
   109                              <1> 	_syscall_read 0, edi, 1
   110                              <1> 	cmp	eax, 1
   111                              <1> 	jne	%%eof_reached
   112                              <1> 	xor	eax,eax
   113                              <1> 	mov	al, [edi]
   114                              <1> 	jmp	%%gcquit
   115                              <1> %%eof_reached:
   116                              <1> 	xor	eax, eax
   117                              <1> 	not	eax 		; eax := -1
   118                              <1> %%gcquit:
   119                              <1> 	add	esp, 2
   120                              <1> 	pop	edi
   121                              <1> 	popf
   122                              <1> %endmacro
   123                              <1> 
   124                              <1> ;;;;;;;;;;;;;;;;;;;;;;;;;;;;;;;;;;
   125                              <1> %macro FINISH 0-1 0
   126                              <1> 	_syscall_exit %1
   127                              <1> %endmacro
   128                              <1> ;;;;;;;;;;;;;;;;;;;;;;;;;;;;;;;;;
   129                              <1> %macro UNSINT 1
   130                              <1> pusha
   131                              <1> pushf
   132                              <1> push dword %1
   133                              <1> pop eax
   134                              <1> mov edi,eax
   135                              <1> mov esi,10
   136                              <1>   xor ebx,ebx
   137                              <1> %%m1:
   138                              <1>    xor edx,edx
   139                              <1>    div esi
   140                              <1>    inc ebx
   141                              <1>    cmp eax,0
   142                              <1>    jne %%m1
   143                              <1>     
   144                              <1>    mov eax,1
   145                              <1>    mov ecx,ebx
   146                              <1>    dec ecx
   147                              <1> ;;;;;;;;;;;;;;;;;;;;;;;;;;;;;;
   148                              <1>     cmp ecx,0
   149                              <1>      je %%m4
   150                              <1> %%m2:  mul esi
   151                              <1>        loop %%m2
   152                              <1> 
   153                              <1>        mov ebx,eax
   154                              <1> 
   155                              <1> %%m3:       
   156                              <1>       mov eax,edi 
   157                              <1>       xor edx,edx 
   158                              <1>       div ebx
   159                              <1>       add al,'0'
   160                              <1>       PUTCHAR al
   161                              <1>       mov edi,edx
   162                              <1>       xor edx,edx
   163                              <1>       mov eax,ebx
   164                              <1>       div esi
   165                              <1>       cmp eax,1
   166                              <1>       je %%m4
   167                              <1>       mov ebx,eax
   168                              <1>       jmp %%m3
   169                              <1>  %%m4:      
   170                              <1>       mov edx,edi
   171                              <1>       add dl,'0'
   172                              <1>       PUTCHAR dl
   173                              <1>        
   174                              <1>   
   175                              <1> popf
   176                              <1> popa
   177                              <1> %endmacro
   178                              <1> ;;;;;;;;;;;;;;;;;;;;;;;;;;;;;;;;
   179                              <1> %macro SIGNINT 1
   180                              <1> pusha
   181                              <1> pushf
   182                              <1> push dword %1
   183                              <1> pop eax
   184                              <1>     cmp eax,0
   185                              <1>     jge %%m5
   186                              <1>     PUTCHAR '-'
   187                              <1>     neg eax
   188                              <1> %%m5:
   189                              <1>       UNSINT eax
   190                              <1> popf
   191                              <1> popa
   192                              <1> %endmacro
   193                              <1> ;;;;;;;;;;;;;;;;;;;;;;;;;;;;;;;;;;;;;;;;;;;;
   194                              <1> %macro GETUN 1
   195                              <1> pushad
   196                              <1> pushfd
   197                              <1> ;;;;;;;;;;;;;;;;;;;;;;
   198                              <1> xor edi,edi
   199                              <1> xor esi,esi
   200                              <1> %%m1:
   201                              <1> GETCHAR
   202                              <1> cmp al,0xA
   203                              <1> je %%m2
   204                              <1> cmp al,'0'
   205                              <1> jb %%m_err
   206                              <1> cmp al,'9'
   207                              <1> ja %%m_err
   208                              <1> inc edi
   209                              <1> xor ecx,ecx
   210                              <1> mov cl,al
   211                              <1> mov eax,esi
   212                              <1> mov ebx,10
   213                              <1> mul ebx
   214                              <1> sub cl,48
   215                              <1> add eax,ecx
   216                              <1> jc %%m3
   217                              <1> mov esi,eax
   218                              <1> jmp %%m1
   219                              <1> %%m2: 
   220                              <1> cmp edi,0
   221                              <1> je %%m1
   222                              <1> jmp %%m4
   223                              <1> %%m3: PRINT "too big number"
   224                              <1> PUTCHAR 10
   225                              <1> jmp %%m4
   226                              <1> %%m_err: PRINT "ERROR!!!"
   227                              <1> PUTCHAR 0xa
   228                              <1> %%m4:
   229                              <1> ;;;;;;;;;;;;;;;;;;
   230                              <1> push esi
   231                              <1> add esp,4
   232                              <1> popfd
   233                              <1> popad
   234                              <1> sub esp,40
   235                              <1> pop dword %1
   236                              <1> add esp,36
   237                              <1> %endmacro
   238                              <1> ;;;;;;;;;;;;;;;;;;;;;;;;;;;;;;;;;;;;;;;;;;;;
   239                              <1> %macro GETSIG 1
   240                              <1> pushad
   241                              <1> pushfd
   242                              <1> ;;;;;;;;;;;;;;;;;;;;;;;;;;;;;;;;;
   243                              <1> xor edi,edi
   244                              <1> xor esi,esi
   245                              <1> mov ebx,10
   246                              <1> %%m_st1: GETCHAR
   247                              <1> cmp al,0xa
   248                              <1> je %%m_st1
   249                              <1> cmp al,'-'
   250                              <1> jne %%s1
   251                              <1> mov ebx,-10
   252                              <1> push ebx
   253                              <1> GETCHAR
   254                              <1> cmp al,0xa
   255                              <1> je %%m_err
   256                              <1> jmp %%m_st21
   257                              <1> %%s1: push ebx 
   258                              <1> cmp al,'+'
   259                              <1> jne %%m_st21
   260                              <1> GETCHAR 
   261                              <1> cmp al,0xa
   262                              <1> je %%m_err
   263                              <1> jmp %%m_st21
   264                              <1> %%m_st2: GETCHAR
   265                              <1> %%m_st21:  cmp al,0xa
   266                              <1> je %%pr_end
   267                              <1> cmp al,'0'
   268                              <1> jb %%m_err
   269                              <1> cmp al,'9'
   270                              <1> ja %%m_err
   271                              <1> inc edi
   272                              <1> xor ecx,ecx
   273                              <1> mov cl,al
   274                              <1> mov eax,esi
   275                              <1> imul ebx
   276                              <1> sub cl,48
   277                              <1> cmp dword[esp],-10
   278                              <1> je %%j_s
   279                              <1> add eax,ecx
   280                              <1> jmp %%j_per
   281                              <1> %%j_s: sub eax,ecx
   282                              <1> %%j_per: jo %%m_b
   283                              <1> mov esi,eax
   284                              <1> cmp dword[esp],-10
   285                              <1> jne %%m_st2
   286                              <1> neg esi
   287                              <1> jmp %%m_st2
   288                              <1> %%pr_end:  cmp edi,0
   289                              <1> je %%m_st2
   290                              <1> jmp %%m_k
   291                              <1> ;;;;;;;;;
   292                              <1> %%m_err: pop ebx 
   293                              <1> PRINT "ERROR"
   294                              <1> PUTCHAR 0xa
   295                              <1> jmp %%m_end
   296                              <1> %%m_b: pop ebx 
   297                              <1> cmp ebx,-10
   298                              <1> je  %%m_l
   299                              <1> PRINT "too big"
   300                              <1> PUTCHAR 0xa
   301                              <1> jmp %%m_end
   302                              <1> %%m_l: PRINT "too less"
   303                              <1> PUTCHAR 0xa
   304                              <1> jmp %%m_end
   305                              <1> %%m_k: pop ebx
   306                              <1> cmp ebx,-10
   307                              <1> jne %%m_p
   308                              <1> neg esi 
   309                              <1> %%m_p: 
   310                              <1> 
   311                              <1> ;;;;;;;;;;;;;;;;;;;;;;;;;;;;;;;;;
   312                              <1> 
   313                              <1> push esi
   314                              <1> add esp,4
   315                              <1> popfd
   316                              <1> popad
   317                              <1> sub esp,40
   318                              <1> pop dword %1
   319                              <1> add esp,36
   320                              <1> jmp %%mm_e
   321                              <1> %%m_end:
   322                              <1> popfd
   323                              <1> popad
   324                              <1> %%mm_e:
   325                              <1> %endmacro
   326                              <1> 
   327                              <1> 
   328                              <1> 
   329                              <1> 
     2                                  
     3                                  global _start
     4                                  
     5                                  section .data
     6                                      
     7                                  section .bss
     8 00000000 ????????                    t resd 1
     9 00000004 ????????                    h resd 1
    10 00000008 ????????                    m resd 1
    11 0000000C ????????                    s resd 1
    12                                  
    13                                  section .text
    14                                  
    15                                  _start:
    16                                      GETUN [t]
   195 00000000 60                  <1> pushad
   196 00000001 9C                  <1> pushfd
   197                              <1> 
   198 00000002 31FF                <1> xor edi,edi
   199 00000004 31F6                <1> xor esi,esi
   200                              <1> %%m1:
   201                              <1> GETCHAR
   105 00000006 9C                  <2>  pushf
   106 00000007 57                  <2>  push edi
   107 00000008 83EC02              <2>  sub esp, 2
   108 0000000B 89E7                <2>  mov edi, esp
   109                              <2>  _syscall_read 0, edi, 1
    46                              <3>  _syscall_3 3,%1,%2,%3
    16 0000000D 52                  <4>  push edx
    17 0000000E 51                  <4>  push ecx
    18 0000000F 53                  <4>  push ebx
    19 00000010 6A03                <4>  push %1
    20 00000012 6A00                <4>  push %2
    21 00000014 57                  <4>  push %3
    22 00000015 6A01                <4>  push %4
    23 00000017 5A                  <4>  pop edx
    24 00000018 59                  <4>  pop ecx
    25 00000019 5B                  <4>  pop ebx
    26 0000001A 58                  <4>  pop eax
    27 0000001B CD80                <4>  int 0x80
    28 0000001D 5B                  <4>  pop ebx
    29 0000001E 59                  <4>  pop ecx
    30 0000001F 5A                  <4>  pop edx
   110 00000020 83F801              <2>  cmp eax, 1
   111 00000023 7506                <2>  jne %%eof_reached
   112 00000025 31C0                <2>  xor eax,eax
   113 00000027 8A07                <2>  mov al, [edi]
   114 00000029 EB04                <2>  jmp %%gcquit
   115                              <2> %%eof_reached:
   116 0000002B 31C0                <2>  xor eax, eax
   117 0000002D F7D0                <2>  not eax
   118                              <2> %%gcquit:
   119 0000002F 83C402              <2>  add esp, 2
   120 00000032 5F                  <2>  pop edi
   121 00000033 9D                  <2>  popf
   202 00000034 3C0A                <1> cmp al,0xA
   203 00000036 7421                <1> je %%m2
   204 00000038 3C30                <1> cmp al,'0'
   205 0000003A 7278                <1> jb %%m_err
   206 0000003C 3C39                <1> cmp al,'9'
   207 0000003E 7774                <1> ja %%m_err
   208 00000040 47                  <1> inc edi
   209 00000041 31C9                <1> xor ecx,ecx
   210 00000043 88C1                <1> mov cl,al
   211 00000045 89F0                <1> mov eax,esi
   212 00000047 BB0A000000          <1> mov ebx,10
   213 0000004C F7E3                <1> mul ebx
   214 0000004E 80E930              <1> sub cl,48
   215 00000051 01C8                <1> add eax,ecx
   216 00000053 720E                <1> jc %%m3
   217 00000055 89C6                <1> mov esi,eax
   218 00000057 EBAD                <1> jmp %%m1
   219                              <1> %%m2:
   220 00000059 83FF00              <1> cmp edi,0
   221 0000005C 74A8                <1> je %%m1
   222 0000005E E99A000000          <1> jmp %%m4
   223                              <1> %%m3: PRINT "too big number"
   223                              <2> ..@4.m3: 
    57 00000063 60                  <2>  pusha
    58 00000064 9C                  <2>  pushf
    59 00000065 EB0F                <2>  jmp %%astr
    60 00000067 746F6F20626967206E- <2> %%str db %1, 0
    60 00000070 756D62657200        <2>
    61                              <2> %%strln equ $-%%str
    62                              <2> %%astr: _syscall_write 1, %%str, %%strln
    62                              <3> ..@8.astr: 
    52                              <3>  _syscall_3 4,%1,%2,%3
    16 00000076 52                  <4>  push edx
    17 00000077 51                  <4>  push ecx
    18 00000078 53                  <4>  push ebx
    19 00000079 6A04                <4>  push %1
    20 0000007B 6A01                <4>  push %2
    21 0000007D 68[67000000]        <4>  push %3
    22 00000082 6A0F                <4>  push %4
    23 00000084 5A                  <4>  pop edx
    24 00000085 59                  <4>  pop ecx
    25 00000086 5B                  <4>  pop ebx
    26 00000087 58                  <4>  pop eax
    27 00000088 CD80                <4>  int 0x80
    28 0000008A 5B                  <4>  pop ebx
    29 0000008B 59                  <4>  pop ecx
    30 0000008C 5A                  <4>  pop edx
    63 0000008D 9D                  <2>  popf
    64 0000008E 61                  <2>  popa
   224                              <1> PUTCHAR 10
    69 0000008F 60                  <2>  pusha
    70 00000090 9C                  <2>  pushf
    71                              <2> %ifstr %1
    72                              <2>  mov al, %1
    73                              <2> %elifnum %1
    74 00000091 B00A                <2>  mov al, %1
    75                              <2> %elifidni %1,al
    76                              <2>  nop
    77                              <2> %elifidni %1,ah
    78                              <2>  mov al, ah
    79                              <2> %elifidni %1,bl
    80                              <2>  mov al, bl
    81                              <2> %elifidni %1,bh
    82                              <2>  mov al, bh
    83                              <2> %elifidni %1,cl
    84                              <2>  mov al, cl
    85                              <2> %elifidni %1,ch
    86                              <2>  mov al, ch
    87                              <2> %elifidni %1,dl
    88                              <2>  mov al, dl
    89                              <2> %elifidni %1,dh
    90                              <2>  mov al, dh
    91                              <2> %else
    92                              <2>  mov al, %1
    93                              <2> %endif
    94 00000093 83EC02              <2>  sub esp, 2
    95 00000096 89E7                <2>  mov edi, esp
    96 00000098 8807                <2>  mov [edi], al
    97                              <2>  _syscall_write 1, edi, 1
    52                              <3>  _syscall_3 4,%1,%2,%3
    16 0000009A 52                  <4>  push edx
    17 0000009B 51                  <4>  push ecx
    18 0000009C 53                  <4>  push ebx
    19 0000009D 6A04                <4>  push %1
    20 0000009F 6A01                <4>  push %2
    21 000000A1 57                  <4>  push %3
    22 000000A2 6A01                <4>  push %4
    23 000000A4 5A                  <4>  pop edx
    24 000000A5 59                  <4>  pop ecx
    25 000000A6 5B                  <4>  pop ebx
    26 000000A7 58                  <4>  pop eax
    27 000000A8 CD80                <4>  int 0x80
    28 000000AA 5B                  <4>  pop ebx
    29 000000AB 59                  <4>  pop ecx
    30 000000AC 5A                  <4>  pop edx
    98 000000AD 83C402              <2>  add esp, 2
    99 000000B0 9D                  <2>  popf
   100 000000B1 61                  <2>  popa
   225 000000B2 EB49                <1> jmp %%m4
   226                              <1> %%m_err: PRINT "ERROR!!!"
   226                              <2> ..@4.m_err: 
    57 000000B4 60                  <2>  pusha
    58 000000B5 9C                  <2>  pushf
    59 000000B6 EB09                <2>  jmp %%astr
    60 000000B8 4552524F5221212100  <2> %%str db %1, 0
    61                              <2> %%strln equ $-%%str
    62                              <2> %%astr: _syscall_write 1, %%str, %%strln
    62                              <3> ..@14.astr: 
    52                              <3>  _syscall_3 4,%1,%2,%3
    16 000000C1 52                  <4>  push edx
    17 000000C2 51                  <4>  push ecx
    18 000000C3 53                  <4>  push ebx
    19 000000C4 6A04                <4>  push %1
    20 000000C6 6A01                <4>  push %2
    21 000000C8 68[B8000000]        <4>  push %3
    22 000000CD 6A09                <4>  push %4
    23 000000CF 5A                  <4>  pop edx
    24 000000D0 59                  <4>  pop ecx
    25 000000D1 5B                  <4>  pop ebx
    26 000000D2 58                  <4>  pop eax
    27 000000D3 CD80                <4>  int 0x80
    28 000000D5 5B                  <4>  pop ebx
    29 000000D6 59                  <4>  pop ecx
    30 000000D7 5A                  <4>  pop edx
    63 000000D8 9D                  <2>  popf
    64 000000D9 61                  <2>  popa
   227                              <1> PUTCHAR 0xa
    69 000000DA 60                  <2>  pusha
    70 000000DB 9C                  <2>  pushf
    71                              <2> %ifstr %1
    72                              <2>  mov al, %1
    73                              <2> %elifnum %1
    74 000000DC B00A                <2>  mov al, %1
    75                              <2> %elifidni %1,al
    76                              <2>  nop
    77                              <2> %elifidni %1,ah
    78                              <2>  mov al, ah
    79                              <2> %elifidni %1,bl
    80                              <2>  mov al, bl
    81                              <2> %elifidni %1,bh
    82                              <2>  mov al, bh
    83                              <2> %elifidni %1,cl
    84                              <2>  mov al, cl
    85                              <2> %elifidni %1,ch
    86                              <2>  mov al, ch
    87                              <2> %elifidni %1,dl
    88                              <2>  mov al, dl
    89                              <2> %elifidni %1,dh
    90                              <2>  mov al, dh
    91                              <2> %else
    92                              <2>  mov al, %1
    93                              <2> %endif
    94 000000DE 83EC02              <2>  sub esp, 2
    95 000000E1 89E7                <2>  mov edi, esp
    96 000000E3 8807                <2>  mov [edi], al
    97                              <2>  _syscall_write 1, edi, 1
    52                              <3>  _syscall_3 4,%1,%2,%3
    16 000000E5 52                  <4>  push edx
    17 000000E6 51                  <4>  push ecx
    18 000000E7 53                  <4>  push ebx
    19 000000E8 6A04                <4>  push %1
    20 000000EA 6A01                <4>  push %2
    21 000000EC 57                  <4>  push %3
    22 000000ED 6A01                <4>  push %4
    23 000000EF 5A                  <4>  pop edx
    24 000000F0 59                  <4>  pop ecx
    25 000000F1 5B                  <4>  pop ebx
    26 000000F2 58                  <4>  pop eax
    27 000000F3 CD80                <4>  int 0x80
    28 000000F5 5B                  <4>  pop ebx
    29 000000F6 59                  <4>  pop ecx
    30 000000F7 5A                  <4>  pop edx
    98 000000F8 83C402              <2>  add esp, 2
    99 000000FB 9D                  <2>  popf
   100 000000FC 61                  <2>  popa
   228                              <1> %%m4:
   229                              <1> 
   230 000000FD 56                  <1> push esi
   231 000000FE 83C404              <1> add esp,4
   232 00000101 9D                  <1> popfd
   233 00000102 61                  <1> popad
   234 00000103 83EC28              <1> sub esp,40
   235 00000106 8F05[00000000]      <1> pop dword %1
   236 0000010C 83C424              <1> add esp,36
    17 0000010F 8305[00000000]01            add dword[t], 1
    18                                      
    19 00000116 A1[00000000]                mov eax, [t]
    20 0000011B 99                          cdq
    21 0000011C B9100E0000                  mov ecx, 3600
    22 00000121 F7F9                        idiv ecx
    23 00000123 A3[04000000]                mov dword[h], eax
    24                                  
    25 00000128 F7E9                        imul ecx
    26 0000012A 2905[00000000]              sub [t], eax
    27                                  
    28 00000130 A1[00000000]                mov eax, [t]
    29 00000135 99                          cdq
    30 00000136 B93C000000                  mov ecx, 60
    31 0000013B F7F9                        idiv ecx
    32 0000013D A3[08000000]                mov dword[m], eax
    33                                  
    34 00000142 F7E9                        imul ecx
    35 00000144 2905[00000000]              sub [t], eax
    36                                  
    37 0000014A A1[00000000]                mov eax, [t]
    38 0000014F 99                          cdq
    39 00000150 A3[0C000000]                mov dword[s], eax
    40                                  
    41 00000155 F7E9                        imul ecx
    42 00000157 2905[00000000]              sub [t], eax
    43                                  
    44                                      UNSINT [h]
   130 0000015D 60                  <1> pusha
   131 0000015E 9C                  <1> pushf
   132 0000015F FF35[04000000]      <1> push dword %1
   133 00000165 58                  <1> pop eax
   134 00000166 89C7                <1> mov edi,eax
   135 00000168 BE0A000000          <1> mov esi,10
   136 0000016D 31DB                <1>  xor ebx,ebx
   137                              <1> %%m1:
   138 0000016F 31D2                <1>  xor edx,edx
   139 00000171 F7F6                <1>  div esi
   140 00000173 43                  <1>  inc ebx
   141 00000174 83F800              <1>  cmp eax,0
   142 00000177 75F6                <1>  jne %%m1
   143                              <1> 
   144 00000179 B801000000          <1>  mov eax,1
   145 0000017E 89D9                <1>  mov ecx,ebx
   146 00000180 49                  <1>  dec ecx
   147                              <1> 
   148 00000181 83F900              <1>  cmp ecx,0
   149 00000184 7441                <1>  je %%m4
   150 00000186 F7E6                <1> %%m2: mul esi
   151 00000188 E2FC                <1>  loop %%m2
   152                              <1> 
   153 0000018A 89C3                <1>  mov ebx,eax
   154                              <1> 
   155                              <1> %%m3:
   156 0000018C 89F8                <1>  mov eax,edi
   157 0000018E 31D2                <1>  xor edx,edx
   158 00000190 F7F3                <1>  div ebx
   159 00000192 0430                <1>  add al,'0'
   160                              <1>  PUTCHAR al
    69 00000194 60                  <2>  pusha
    70 00000195 9C                  <2>  pushf
    71                              <2> %ifstr %1
    72                              <2>  mov al, %1
    73                              <2> %elifnum %1
    74                              <2>  mov al, %1
    75                              <2> %elifidni %1,al
    76 00000196 90                  <2>  nop
    77                              <2> %elifidni %1,ah
    78                              <2>  mov al, ah
    79                              <2> %elifidni %1,bl
    80                              <2>  mov al, bl
    81                              <2> %elifidni %1,bh
    82                              <2>  mov al, bh
    83                              <2> %elifidni %1,cl
    84                              <2>  mov al, cl
    85                              <2> %elifidni %1,ch
    86                              <2>  mov al, ch
    87                              <2> %elifidni %1,dl
    88                              <2>  mov al, dl
    89                              <2> %elifidni %1,dh
    90                              <2>  mov al, dh
    91                              <2> %else
    92                              <2>  mov al, %1
    93                              <2> %endif
    94 00000197 83EC02              <2>  sub esp, 2
    95 0000019A 89E7                <2>  mov edi, esp
    96 0000019C 8807                <2>  mov [edi], al
    97                              <2>  _syscall_write 1, edi, 1
    52                              <3>  _syscall_3 4,%1,%2,%3
    16 0000019E 52                  <4>  push edx
    17 0000019F 51                  <4>  push ecx
    18 000001A0 53                  <4>  push ebx
    19 000001A1 6A04                <4>  push %1
    20 000001A3 6A01                <4>  push %2
    21 000001A5 57                  <4>  push %3
    22 000001A6 6A01                <4>  push %4
    23 000001A8 5A                  <4>  pop edx
    24 000001A9 59                  <4>  pop ecx
    25 000001AA 5B                  <4>  pop ebx
    26 000001AB 58                  <4>  pop eax
    27 000001AC CD80                <4>  int 0x80
    28 000001AE 5B                  <4>  pop ebx
    29 000001AF 59                  <4>  pop ecx
    30 000001B0 5A                  <4>  pop edx
    98 000001B1 83C402              <2>  add esp, 2
    99 000001B4 9D                  <2>  popf
   100 000001B5 61                  <2>  popa
   161 000001B6 89D7                <1>  mov edi,edx
   162 000001B8 31D2                <1>  xor edx,edx
   163 000001BA 89D8                <1>  mov eax,ebx
   164 000001BC F7F6                <1>  div esi
   165 000001BE 83F801              <1>  cmp eax,1
   166 000001C1 7404                <1>  je %%m4
   167 000001C3 89C3                <1>  mov ebx,eax
   168 000001C5 EBC5                <1>  jmp %%m3
   169                              <1>  %%m4:
   170 000001C7 89FA                <1>  mov edx,edi
   171 000001C9 80C230              <1>  add dl,'0'
   172                              <1>  PUTCHAR dl
    69 000001CC 60                  <2>  pusha
    70 000001CD 9C                  <2>  pushf
    71                              <2> %ifstr %1
    72                              <2>  mov al, %1
    73                              <2> %elifnum %1
    74                              <2>  mov al, %1
    75                              <2> %elifidni %1,al
    76                              <2>  nop
    77                              <2> %elifidni %1,ah
    78                              <2>  mov al, ah
    79                              <2> %elifidni %1,bl
    80                              <2>  mov al, bl
    81                              <2> %elifidni %1,bh
    82                              <2>  mov al, bh
    83                              <2> %elifidni %1,cl
    84                              <2>  mov al, cl
    85                              <2> %elifidni %1,ch
    86                              <2>  mov al, ch
    87                              <2> %elifidni %1,dl
    88 000001CE 88D0                <2>  mov al, dl
    89                              <2> %elifidni %1,dh
    90                              <2>  mov al, dh
    91                              <2> %else
    92                              <2>  mov al, %1
    93                              <2> %endif
    94 000001D0 83EC02              <2>  sub esp, 2
    95 000001D3 89E7                <2>  mov edi, esp
    96 000001D5 8807                <2>  mov [edi], al
    97                              <2>  _syscall_write 1, edi, 1
    52                              <3>  _syscall_3 4,%1,%2,%3
    16 000001D7 52                  <4>  push edx
    17 000001D8 51                  <4>  push ecx
    18 000001D9 53                  <4>  push ebx
    19 000001DA 6A04                <4>  push %1
    20 000001DC 6A01                <4>  push %2
    21 000001DE 57                  <4>  push %3
    22 000001DF 6A01                <4>  push %4
    23 000001E1 5A                  <4>  pop edx
    24 000001E2 59                  <4>  pop ecx
    25 000001E3 5B                  <4>  pop ebx
    26 000001E4 58                  <4>  pop eax
    27 000001E5 CD80                <4>  int 0x80
    28 000001E7 5B                  <4>  pop ebx
    29 000001E8 59                  <4>  pop ecx
    30 000001E9 5A                  <4>  pop edx
    98 000001EA 83C402              <2>  add esp, 2
    99 000001ED 9D                  <2>  popf
   100 000001EE 61                  <2>  popa
   173                              <1> 
   174                              <1> 
   175 000001EF 9D                  <1> popf
   176 000001F0 61                  <1> popa
    45                                      PUTCHAR ':'
    69 000001F1 60                  <1>  pusha
    70 000001F2 9C                  <1>  pushf
    71                              <1> %ifstr %1
    72 000001F3 B03A                <1>  mov al, %1
    73                              <1> %elifnum %1
    74                              <1>  mov al, %1
    75                              <1> %elifidni %1,al
    76                              <1>  nop
    77                              <1> %elifidni %1,ah
    78                              <1>  mov al, ah
    79                              <1> %elifidni %1,bl
    80                              <1>  mov al, bl
    81                              <1> %elifidni %1,bh
    82                              <1>  mov al, bh
    83                              <1> %elifidni %1,cl
    84                              <1>  mov al, cl
    85                              <1> %elifidni %1,ch
    86                              <1>  mov al, ch
    87                              <1> %elifidni %1,dl
    88                              <1>  mov al, dl
    89                              <1> %elifidni %1,dh
    90                              <1>  mov al, dh
    91                              <1> %else
    92                              <1>  mov al, %1
    93                              <1> %endif
    94 000001F5 83EC02              <1>  sub esp, 2
    95 000001F8 89E7                <1>  mov edi, esp
    96 000001FA 8807                <1>  mov [edi], al
    97                              <1>  _syscall_write 1, edi, 1
    52                              <2>  _syscall_3 4,%1,%2,%3
    16 000001FC 52                  <3>  push edx
    17 000001FD 51                  <3>  push ecx
    18 000001FE 53                  <3>  push ebx
    19 000001FF 6A04                <3>  push %1
    20 00000201 6A01                <3>  push %2
    21 00000203 57                  <3>  push %3
    22 00000204 6A01                <3>  push %4
    23 00000206 5A                  <3>  pop edx
    24 00000207 59                  <3>  pop ecx
    25 00000208 5B                  <3>  pop ebx
    26 00000209 58                  <3>  pop eax
    27 0000020A CD80                <3>  int 0x80
    28 0000020C 5B                  <3>  pop ebx
    29 0000020D 59                  <3>  pop ecx
    30 0000020E 5A                  <3>  pop edx
    98 0000020F 83C402              <1>  add esp, 2
    99 00000212 9D                  <1>  popf
   100 00000213 61                  <1>  popa
    46                                      UNSINT [m]
   130 00000214 60                  <1> pusha
   131 00000215 9C                  <1> pushf
   132 00000216 FF35[08000000]      <1> push dword %1
   133 0000021C 58                  <1> pop eax
   134 0000021D 89C7                <1> mov edi,eax
   135 0000021F BE0A000000          <1> mov esi,10
   136 00000224 31DB                <1>  xor ebx,ebx
   137                              <1> %%m1:
   138 00000226 31D2                <1>  xor edx,edx
   139 00000228 F7F6                <1>  div esi
   140 0000022A 43                  <1>  inc ebx
   141 0000022B 83F800              <1>  cmp eax,0
   142 0000022E 75F6                <1>  jne %%m1
   143                              <1> 
   144 00000230 B801000000          <1>  mov eax,1
   145 00000235 89D9                <1>  mov ecx,ebx
   146 00000237 49                  <1>  dec ecx
   147                              <1> 
   148 00000238 83F900              <1>  cmp ecx,0
   149 0000023B 7441                <1>  je %%m4
   150 0000023D F7E6                <1> %%m2: mul esi
   151 0000023F E2FC                <1>  loop %%m2
   152                              <1> 
   153 00000241 89C3                <1>  mov ebx,eax
   154                              <1> 
   155                              <1> %%m3:
   156 00000243 89F8                <1>  mov eax,edi
   157 00000245 31D2                <1>  xor edx,edx
   158 00000247 F7F3                <1>  div ebx
   159 00000249 0430                <1>  add al,'0'
   160                              <1>  PUTCHAR al
    69 0000024B 60                  <2>  pusha
    70 0000024C 9C                  <2>  pushf
    71                              <2> %ifstr %1
    72                              <2>  mov al, %1
    73                              <2> %elifnum %1
    74                              <2>  mov al, %1
    75                              <2> %elifidni %1,al
    76 0000024D 90                  <2>  nop
    77                              <2> %elifidni %1,ah
    78                              <2>  mov al, ah
    79                              <2> %elifidni %1,bl
    80                              <2>  mov al, bl
    81                              <2> %elifidni %1,bh
    82                              <2>  mov al, bh
    83                              <2> %elifidni %1,cl
    84                              <2>  mov al, cl
    85                              <2> %elifidni %1,ch
    86                              <2>  mov al, ch
    87                              <2> %elifidni %1,dl
    88                              <2>  mov al, dl
    89                              <2> %elifidni %1,dh
    90                              <2>  mov al, dh
    91                              <2> %else
    92                              <2>  mov al, %1
    93                              <2> %endif
    94 0000024E 83EC02              <2>  sub esp, 2
    95 00000251 89E7                <2>  mov edi, esp
    96 00000253 8807                <2>  mov [edi], al
    97                              <2>  _syscall_write 1, edi, 1
    52                              <3>  _syscall_3 4,%1,%2,%3
    16 00000255 52                  <4>  push edx
    17 00000256 51                  <4>  push ecx
    18 00000257 53                  <4>  push ebx
    19 00000258 6A04                <4>  push %1
    20 0000025A 6A01                <4>  push %2
    21 0000025C 57                  <4>  push %3
    22 0000025D 6A01                <4>  push %4
    23 0000025F 5A                  <4>  pop edx
    24 00000260 59                  <4>  pop ecx
    25 00000261 5B                  <4>  pop ebx
    26 00000262 58                  <4>  pop eax
    27 00000263 CD80                <4>  int 0x80
    28 00000265 5B                  <4>  pop ebx
    29 00000266 59                  <4>  pop ecx
    30 00000267 5A                  <4>  pop edx
    98 00000268 83C402              <2>  add esp, 2
    99 0000026B 9D                  <2>  popf
   100 0000026C 61                  <2>  popa
   161 0000026D 89D7                <1>  mov edi,edx
   162 0000026F 31D2                <1>  xor edx,edx
   163 00000271 89D8                <1>  mov eax,ebx
   164 00000273 F7F6                <1>  div esi
   165 00000275 83F801              <1>  cmp eax,1
   166 00000278 7404                <1>  je %%m4
   167 0000027A 89C3                <1>  mov ebx,eax
   168 0000027C EBC5                <1>  jmp %%m3
   169                              <1>  %%m4:
   170 0000027E 89FA                <1>  mov edx,edi
   171 00000280 80C230              <1>  add dl,'0'
   172                              <1>  PUTCHAR dl
    69 00000283 60                  <2>  pusha
    70 00000284 9C                  <2>  pushf
    71                              <2> %ifstr %1
    72                              <2>  mov al, %1
    73                              <2> %elifnum %1
    74                              <2>  mov al, %1
    75                              <2> %elifidni %1,al
    76                              <2>  nop
    77                              <2> %elifidni %1,ah
    78                              <2>  mov al, ah
    79                              <2> %elifidni %1,bl
    80                              <2>  mov al, bl
    81                              <2> %elifidni %1,bh
    82                              <2>  mov al, bh
    83                              <2> %elifidni %1,cl
    84                              <2>  mov al, cl
    85                              <2> %elifidni %1,ch
    86                              <2>  mov al, ch
    87                              <2> %elifidni %1,dl
    88 00000285 88D0                <2>  mov al, dl
    89                              <2> %elifidni %1,dh
    90                              <2>  mov al, dh
    91                              <2> %else
    92                              <2>  mov al, %1
    93                              <2> %endif
    94 00000287 83EC02              <2>  sub esp, 2
    95 0000028A 89E7                <2>  mov edi, esp
    96 0000028C 8807                <2>  mov [edi], al
    97                              <2>  _syscall_write 1, edi, 1
    52                              <3>  _syscall_3 4,%1,%2,%3
    16 0000028E 52                  <4>  push edx
    17 0000028F 51                  <4>  push ecx
    18 00000290 53                  <4>  push ebx
    19 00000291 6A04                <4>  push %1
    20 00000293 6A01                <4>  push %2
    21 00000295 57                  <4>  push %3
    22 00000296 6A01                <4>  push %4
    23 00000298 5A                  <4>  pop edx
    24 00000299 59                  <4>  pop ecx
    25 0000029A 5B                  <4>  pop ebx
    26 0000029B 58                  <4>  pop eax
    27 0000029C CD80                <4>  int 0x80
    28 0000029E 5B                  <4>  pop ebx
    29 0000029F 59                  <4>  pop ecx
    30 000002A0 5A                  <4>  pop edx
    98 000002A1 83C402              <2>  add esp, 2
    99 000002A4 9D                  <2>  popf
   100 000002A5 61                  <2>  popa
   173                              <1> 
   174                              <1> 
   175 000002A6 9D                  <1> popf
   176 000002A7 61                  <1> popa
    47                                      PUTCHAR ':'
    69 000002A8 60                  <1>  pusha
    70 000002A9 9C                  <1>  pushf
    71                              <1> %ifstr %1
    72 000002AA B03A                <1>  mov al, %1
    73                              <1> %elifnum %1
    74                              <1>  mov al, %1
    75                              <1> %elifidni %1,al
    76                              <1>  nop
    77                              <1> %elifidni %1,ah
    78                              <1>  mov al, ah
    79                              <1> %elifidni %1,bl
    80                              <1>  mov al, bl
    81                              <1> %elifidni %1,bh
    82                              <1>  mov al, bh
    83                              <1> %elifidni %1,cl
    84                              <1>  mov al, cl
    85                              <1> %elifidni %1,ch
    86                              <1>  mov al, ch
    87                              <1> %elifidni %1,dl
    88                              <1>  mov al, dl
    89                              <1> %elifidni %1,dh
    90                              <1>  mov al, dh
    91                              <1> %else
    92                              <1>  mov al, %1
    93                              <1> %endif
    94 000002AC 83EC02              <1>  sub esp, 2
    95 000002AF 89E7                <1>  mov edi, esp
    96 000002B1 8807                <1>  mov [edi], al
    97                              <1>  _syscall_write 1, edi, 1
    52                              <2>  _syscall_3 4,%1,%2,%3
    16 000002B3 52                  <3>  push edx
    17 000002B4 51                  <3>  push ecx
    18 000002B5 53                  <3>  push ebx
    19 000002B6 6A04                <3>  push %1
    20 000002B8 6A01                <3>  push %2
    21 000002BA 57                  <3>  push %3
    22 000002BB 6A01                <3>  push %4
    23 000002BD 5A                  <3>  pop edx
    24 000002BE 59                  <3>  pop ecx
    25 000002BF 5B                  <3>  pop ebx
    26 000002C0 58                  <3>  pop eax
    27 000002C1 CD80                <3>  int 0x80
    28 000002C3 5B                  <3>  pop ebx
    29 000002C4 59                  <3>  pop ecx
    30 000002C5 5A                  <3>  pop edx
    98 000002C6 83C402              <1>  add esp, 2
    99 000002C9 9D                  <1>  popf
   100 000002CA 61                  <1>  popa
    48                                      UNSINT [s]
   130 000002CB 60                  <1> pusha
   131 000002CC 9C                  <1> pushf
   132 000002CD FF35[0C000000]      <1> push dword %1
   133 000002D3 58                  <1> pop eax
   134 000002D4 89C7                <1> mov edi,eax
   135 000002D6 BE0A000000          <1> mov esi,10
   136 000002DB 31DB                <1>  xor ebx,ebx
   137                              <1> %%m1:
   138 000002DD 31D2                <1>  xor edx,edx
   139 000002DF F7F6                <1>  div esi
   140 000002E1 43                  <1>  inc ebx
   141 000002E2 83F800              <1>  cmp eax,0
   142 000002E5 75F6                <1>  jne %%m1
   143                              <1> 
   144 000002E7 B801000000          <1>  mov eax,1
   145 000002EC 89D9                <1>  mov ecx,ebx
   146 000002EE 49                  <1>  dec ecx
   147                              <1> 
   148 000002EF 83F900              <1>  cmp ecx,0
   149 000002F2 7441                <1>  je %%m4
   150 000002F4 F7E6                <1> %%m2: mul esi
   151 000002F6 E2FC                <1>  loop %%m2
   152                              <1> 
   153 000002F8 89C3                <1>  mov ebx,eax
   154                              <1> 
   155                              <1> %%m3:
   156 000002FA 89F8                <1>  mov eax,edi
   157 000002FC 31D2                <1>  xor edx,edx
   158 000002FE F7F3                <1>  div ebx
   159 00000300 0430                <1>  add al,'0'
   160                              <1>  PUTCHAR al
    69 00000302 60                  <2>  pusha
    70 00000303 9C                  <2>  pushf
    71                              <2> %ifstr %1
    72                              <2>  mov al, %1
    73                              <2> %elifnum %1
    74                              <2>  mov al, %1
    75                              <2> %elifidni %1,al
    76 00000304 90                  <2>  nop
    77                              <2> %elifidni %1,ah
    78                              <2>  mov al, ah
    79                              <2> %elifidni %1,bl
    80                              <2>  mov al, bl
    81                              <2> %elifidni %1,bh
    82                              <2>  mov al, bh
    83                              <2> %elifidni %1,cl
    84                              <2>  mov al, cl
    85                              <2> %elifidni %1,ch
    86                              <2>  mov al, ch
    87                              <2> %elifidni %1,dl
    88                              <2>  mov al, dl
    89                              <2> %elifidni %1,dh
    90                              <2>  mov al, dh
    91                              <2> %else
    92                              <2>  mov al, %1
    93                              <2> %endif
    94 00000305 83EC02              <2>  sub esp, 2
    95 00000308 89E7                <2>  mov edi, esp
    96 0000030A 8807                <2>  mov [edi], al
    97                              <2>  _syscall_write 1, edi, 1
    52                              <3>  _syscall_3 4,%1,%2,%3
    16 0000030C 52                  <4>  push edx
    17 0000030D 51                  <4>  push ecx
    18 0000030E 53                  <4>  push ebx
    19 0000030F 6A04                <4>  push %1
    20 00000311 6A01                <4>  push %2
    21 00000313 57                  <4>  push %3
    22 00000314 6A01                <4>  push %4
    23 00000316 5A                  <4>  pop edx
    24 00000317 59                  <4>  pop ecx
    25 00000318 5B                  <4>  pop ebx
    26 00000319 58                  <4>  pop eax
    27 0000031A CD80                <4>  int 0x80
    28 0000031C 5B                  <4>  pop ebx
    29 0000031D 59                  <4>  pop ecx
    30 0000031E 5A                  <4>  pop edx
    98 0000031F 83C402              <2>  add esp, 2
    99 00000322 9D                  <2>  popf
   100 00000323 61                  <2>  popa
   161 00000324 89D7                <1>  mov edi,edx
   162 00000326 31D2                <1>  xor edx,edx
   163 00000328 89D8                <1>  mov eax,ebx
   164 0000032A F7F6                <1>  div esi
   165 0000032C 83F801              <1>  cmp eax,1
   166 0000032F 7404                <1>  je %%m4
   167 00000331 89C3                <1>  mov ebx,eax
   168 00000333 EBC5                <1>  jmp %%m3
   169                              <1>  %%m4:
   170 00000335 89FA                <1>  mov edx,edi
   171 00000337 80C230              <1>  add dl,'0'
   172                              <1>  PUTCHAR dl
    69 0000033A 60                  <2>  pusha
    70 0000033B 9C                  <2>  pushf
    71                              <2> %ifstr %1
    72                              <2>  mov al, %1
    73                              <2> %elifnum %1
    74                              <2>  mov al, %1
    75                              <2> %elifidni %1,al
    76                              <2>  nop
    77                              <2> %elifidni %1,ah
    78                              <2>  mov al, ah
    79                              <2> %elifidni %1,bl
    80                              <2>  mov al, bl
    81                              <2> %elifidni %1,bh
    82                              <2>  mov al, bh
    83                              <2> %elifidni %1,cl
    84                              <2>  mov al, cl
    85                              <2> %elifidni %1,ch
    86                              <2>  mov al, ch
    87                              <2> %elifidni %1,dl
    88 0000033C 88D0                <2>  mov al, dl
    89                              <2> %elifidni %1,dh
    90                              <2>  mov al, dh
    91                              <2> %else
    92                              <2>  mov al, %1
    93                              <2> %endif
    94 0000033E 83EC02              <2>  sub esp, 2
    95 00000341 89E7                <2>  mov edi, esp
    96 00000343 8807                <2>  mov [edi], al
    97                              <2>  _syscall_write 1, edi, 1
    52                              <3>  _syscall_3 4,%1,%2,%3
    16 00000345 52                  <4>  push edx
    17 00000346 51                  <4>  push ecx
    18 00000347 53                  <4>  push ebx
    19 00000348 6A04                <4>  push %1
    20 0000034A 6A01                <4>  push %2
    21 0000034C 57                  <4>  push %3
    22 0000034D 6A01                <4>  push %4
    23 0000034F 5A                  <4>  pop edx
    24 00000350 59                  <4>  pop ecx
    25 00000351 5B                  <4>  pop ebx
    26 00000352 58                  <4>  pop eax
    27 00000353 CD80                <4>  int 0x80
    28 00000355 5B                  <4>  pop ebx
    29 00000356 59                  <4>  pop ecx
    30 00000357 5A                  <4>  pop edx
    98 00000358 83C402              <2>  add esp, 2
    99 0000035B 9D                  <2>  popf
   100 0000035C 61                  <2>  popa
   173                              <1> 
   174                              <1> 
   175 0000035D 9D                  <1> popf
   176 0000035E 61                  <1> popa
    49                                      PUTCHAR 0xA
    69 0000035F 60                  <1>  pusha
    70 00000360 9C                  <1>  pushf
    71                              <1> %ifstr %1
    72                              <1>  mov al, %1
    73                              <1> %elifnum %1
    74 00000361 B00A                <1>  mov al, %1
    75                              <1> %elifidni %1,al
    76                              <1>  nop
    77                              <1> %elifidni %1,ah
    78                              <1>  mov al, ah
    79                              <1> %elifidni %1,bl
    80                              <1>  mov al, bl
    81                              <1> %elifidni %1,bh
    82                              <1>  mov al, bh
    83                              <1> %elifidni %1,cl
    84                              <1>  mov al, cl
    85                              <1> %elifidni %1,ch
    86                              <1>  mov al, ch
    87                              <1> %elifidni %1,dl
    88                              <1>  mov al, dl
    89                              <1> %elifidni %1,dh
    90                              <1>  mov al, dh
    91                              <1> %else
    92                              <1>  mov al, %1
    93                              <1> %endif
    94 00000363 83EC02              <1>  sub esp, 2
    95 00000366 89E7                <1>  mov edi, esp
    96 00000368 8807                <1>  mov [edi], al
    97                              <1>  _syscall_write 1, edi, 1
    52                              <2>  _syscall_3 4,%1,%2,%3
    16 0000036A 52                  <3>  push edx
    17 0000036B 51                  <3>  push ecx
    18 0000036C 53                  <3>  push ebx
    19 0000036D 6A04                <3>  push %1
    20 0000036F 6A01                <3>  push %2
    21 00000371 57                  <3>  push %3
    22 00000372 6A01                <3>  push %4
    23 00000374 5A                  <3>  pop edx
    24 00000375 59                  <3>  pop ecx
    25 00000376 5B                  <3>  pop ebx
    26 00000377 58                  <3>  pop eax
    27 00000378 CD80                <3>  int 0x80
    28 0000037A 5B                  <3>  pop ebx
    29 0000037B 59                  <3>  pop ecx
    30 0000037C 5A                  <3>  pop edx
    98 0000037D 83C402              <1>  add esp, 2
    99 00000380 9D                  <1>  popf
   100 00000381 61                  <1>  popa
    50                                  
    51                                      FINISH
   126                              <1>  _syscall_exit %1
    35 00000382 BB00000000          <2>  mov ebx, %1
    36 00000387 B801000000          <2>  mov eax, 1
    37 0000038C CD80                <2>  int 0x80
